SAMPLE SCHEDULING INFORMATION

DONOR/PARTICIPANT: 00ad0ffe-2105-4829-a495-1c2aceb5bb31

	SAMPLE OVERVIEW
	SPECIMEN/SAMPLE: 7efd873d-8165-40f8-a07d-69cfd68a491e
		ALIGNMENT: HS37D5
			ANALYZED SAMPLE/ALIQUOT: 9ff21093-58d7-4b69-aade-c242a383ea56
				LIBRARY: 2893810032
					BAMS: PAWG.dc9dd886-5c1b-4564-ba84-fa2a70cc4ffe.bam,PAWG.dc9dd886-5c1b-4564-ba84-fa2a70cc4ffe.bam.bai
					ANALYSIS_IDS: 3c751bfa-8a2c-4ea4-a973-02c02e2c1524

	SAMPLE WORKLFOW ACTION OVERVIEW
		LANES SPECIFIED FOR SAMPLE: 0
		BAMS FOUND: 
		CONTAINS ALIGNMENT!
		NOT PREVIOUSLY SCHEDULED OR RUN FORCED!
		LANE COUNT MATCHES OR IGNORED OR RUN FORCED: 1 0 
		CONCLUSION: WILL NOT SCHEDULE THIS SAMPLE FOR ALIGNMENT!

	SAMPLE OVERVIEW
	SPECIMEN/SAMPLE: 996ad494-90b1-4ac7-9339-dd4acf5af472
		ALIGNMENT: HS37D5
			ANALYZED SAMPLE/ALIQUOT: 70fdd61f-c657-4b0e-8370-724fcee4a6e8
				LIBRARY: 2893810031
					BAMS: PAWG.94f8d946-a92e-4d2b-9f29-8e10f4274efe.bam.bai,PAWG.94f8d946-a92e-4d2b-9f29-8e10f4274efe.bam
					ANALYSIS_IDS: fdebfd6e-d046-4192-8b97-ac9f65dc2009

	SAMPLE WORKLFOW ACTION OVERVIEW
		LANES SPECIFIED FOR SAMPLE: 0
		BAMS FOUND: 
		CONTAINS ALIGNMENT!
		NOT PREVIOUSLY SCHEDULED OR RUN FORCED!
		LANE COUNT MATCHES OR IGNORED OR RUN FORCED: 1 0 
		CONCLUSION: WILL NOT SCHEDULE THIS SAMPLE FOR ALIGNMENT!

DONOR/PARTICIPANT: 0a48873a-092a-4b25-822b-b0b3c18c08a8

	SAMPLE OVERVIEW
	SPECIMEN/SAMPLE: a3f8dcad-c42a-4070-80c4-782627bbaca2
		ALIGNMENT: HS37D5
			ANALYZED SAMPLE/ALIQUOT: 46f19b5c-3eba-4b23-a1ab-9748090ca4e5
				LIBRARY: IWG_TOVA.24-2024-01A-T_1pA
					BAMS: PAWG.20b85de1-8cc4-4a57-baa8-656cdde95fa9.bam,PAWG.20b85de1-8cc4-4a57-baa8-656cdde95fa9.bam.bai
					ANALYSIS_IDS: f8fcbf38-e55c-4461-bf3f-ea844ffe3fb7

	SAMPLE WORKLFOW ACTION OVERVIEW
		LANES SPECIFIED FOR SAMPLE: 0
		BAMS FOUND: 
		CONTAINS ALIGNMENT!
		NOT PREVIOUSLY SCHEDULED OR RUN FORCED!
		LANE COUNT MATCHES OR IGNORED OR RUN FORCED: 1 0 
		CONCLUSION: WILL NOT SCHEDULE THIS SAMPLE FOR ALIGNMENT!

	SAMPLE OVERVIEW
	SPECIMEN/SAMPLE: 3f3ebcc5-149d-4ac5-9e87-1d2422860ac8
		ALIGNMENT: HS37D5
			ANALYZED SAMPLE/ALIQUOT: 51e4aa65-d472-4844-9525-779a207954e3
				LIBRARY: IWG_TOVA.24-2024-11A-N_1pA
					BAMS: PAWG.999309db-074b-454c-897e-4935d45ac118.bam.bai,PAWG.999309db-074b-454c-897e-4935d45ac118.bam
					ANALYSIS_IDS: 76cbc7ad-4c53-44ad-b821-ed6734f2f954

	SAMPLE WORKLFOW ACTION OVERVIEW
		LANES SPECIFIED FOR SAMPLE: 0
		BAMS FOUND: 
		CONTAINS ALIGNMENT!
		NOT PREVIOUSLY SCHEDULED OR RUN FORCED!
		LANE COUNT MATCHES OR IGNORED OR RUN FORCED: 1 0 
		CONCLUSION: WILL NOT SCHEDULE THIS SAMPLE FOR ALIGNMENT!

DONOR/PARTICIPANT: 01c4ca12-ac08-41dd-9e4f-bfb0971688a2

	SAMPLE OVERVIEW
	SPECIMEN/SAMPLE: c7ca8fee-bd73-435b-b351-216e5dc38726
		ALIGNMENT: HS37D5
			ANALYZED SAMPLE/ALIQUOT: 4853fd17-7214-4f0c-984b-1be0346ca4ab
				LIBRARY: Solexa-161837
					BAMS: PAWG.11d167fc-2ff3-42e0-b064-b11ad64d456f.bam.bai,PAWG.11d167fc-2ff3-42e0-b064-b11ad64d456f.bam
					ANALYSIS_IDS: d7eafb35-3f19-4da1-9f71-9bb1ba226cfc

	SAMPLE WORKLFOW ACTION OVERVIEW
		LANES SPECIFIED FOR SAMPLE: 0
		BAMS FOUND: 
		CONTAINS ALIGNMENT!
		NOT PREVIOUSLY SCHEDULED OR RUN FORCED!
		LANE COUNT MATCHES OR IGNORED OR RUN FORCED: 1 0 
		CONCLUSION: WILL NOT SCHEDULE THIS SAMPLE FOR ALIGNMENT!

	SAMPLE OVERVIEW
	SPECIMEN/SAMPLE: 94ff1a2a-7299-4e13-b956-eb649075afc8
		ALIGNMENT: HS37D5
			ANALYZED SAMPLE/ALIQUOT: ebcde902-4750-4e90-b94c-a635aa053ea4
				LIBRARY: Sage-160467
					BAMS: PAWG.3fb8200c-664f-4526-b558-e1b16acee25a.bam.bai,PAWG.3fb8200c-664f-4526-b558-e1b16acee25a.bam
					ANALYSIS_IDS: 1e05531b-73a9-418a-b7ae-03705373396e

	SAMPLE WORKLFOW ACTION OVERVIEW
		LANES SPECIFIED FOR SAMPLE: 0
		BAMS FOUND: 
		CONTAINS ALIGNMENT!
		NOT PREVIOUSLY SCHEDULED OR RUN FORCED!
		LANE COUNT MATCHES OR IGNORED OR RUN FORCED: 1 0 
		CONCLUSION: WILL NOT SCHEDULE THIS SAMPLE FOR ALIGNMENT!

DONOR/PARTICIPANT: 0b77657a-0297-4cee-b9f2-5de72e182016

	SAMPLE OVERVIEW
	SPECIMEN/SAMPLE: c6d5a991-4018-4d78-bf0c-4d240e7987b5
		ALIGNMENT: HS37D5
			ANALYZED SAMPLE/ALIQUOT: 0c7af04b-e171-47c4-8be5-5db33f20148e
				LIBRARY: IWG_TKICH.KO-8417-01A-T_2pA
					BAMS: PAWG.143bbe67-5962-448d-84e7-ebb517ce36b9.bam.bai,PAWG.143bbe67-5962-448d-84e7-ebb517ce36b9.bam
					ANALYSIS_IDS: ad3d3901-4a1d-4d6b-bb6d-e2ac97530b2a

	SAMPLE WORKLFOW ACTION OVERVIEW
		LANES SPECIFIED FOR SAMPLE: 0
		BAMS FOUND: 
		CONTAINS ALIGNMENT!
		NOT PREVIOUSLY SCHEDULED OR RUN FORCED!
		LANE COUNT MATCHES OR IGNORED OR RUN FORCED: 1 0 
		CONCLUSION: WILL NOT SCHEDULE THIS SAMPLE FOR ALIGNMENT!

	SAMPLE OVERVIEW
	SPECIMEN/SAMPLE: e4322ea0-d6ba-473d-87c8-183045bc12b3
		ALIGNMENT: HS37D5
			ANALYZED SAMPLE/ALIQUOT: 32e33f58-0399-49bb-bc8c-1eeb122d4df4
				LIBRARY: IWG_TKICH.KO-8417-11A-N_2pA
					BAMS: PAWG.47187a57-68f9-44c2-8e11-87e2169d43a1.bam.bai,PAWG.47187a57-68f9-44c2-8e11-87e2169d43a1.bam
					ANALYSIS_IDS: de0101d1-4bae-4ae0-a4b7-c04901c4014b

	SAMPLE WORKLFOW ACTION OVERVIEW
		LANES SPECIFIED FOR SAMPLE: 0
		BAMS FOUND: 
		CONTAINS ALIGNMENT!
		NOT PREVIOUSLY SCHEDULED OR RUN FORCED!
		LANE COUNT MATCHES OR IGNORED OR RUN FORCED: 1 0 
		CONCLUSION: WILL NOT SCHEDULE THIS SAMPLE FOR ALIGNMENT!

DONOR/PARTICIPANT: 0aecac64-5982-4d76-8f31-958f6a00951d

	SAMPLE OVERVIEW
	SPECIMEN/SAMPLE: 602943b6-8ffc-4667-be39-2e6a9fb3661a
		ALIGNMENT: HS37D5
			ANALYZED SAMPLE/ALIQUOT: af722e36-4912-45c4-b431-a2ceff596bac
				LIBRARY: Solexa-192232
					BAMS: PAWG.043eb12d-c4a7-4f60-b133-2363530ce4b2.bam,PAWG.043eb12d-c4a7-4f60-b133-2363530ce4b2.bam.bai
					ANALYSIS_IDS: c72af076-2939-4e0d-8db2-4affeac117aa

	SAMPLE WORKLFOW ACTION OVERVIEW
		LANES SPECIFIED FOR SAMPLE: 0
		BAMS FOUND: 
		CONTAINS ALIGNMENT!
		NOT PREVIOUSLY SCHEDULED OR RUN FORCED!
		LANE COUNT MATCHES OR IGNORED OR RUN FORCED: 1 0 
		CONCLUSION: WILL NOT SCHEDULE THIS SAMPLE FOR ALIGNMENT!

	SAMPLE OVERVIEW
	SPECIMEN/SAMPLE: 93c38ffb-27ac-4c91-939d-7102ee72f404
		ALIGNMENT: HS37D5
			ANALYZED SAMPLE/ALIQUOT: c1b44966-0f72-4c4f-8783-ab3ffe7f17b2
				LIBRARY: Solexa-192266
					BAMS: PAWG.efd3cefd-3cb0-4e2d-9689-65f60401262d.bam,PAWG.efd3cefd-3cb0-4e2d-9689-65f60401262d.bam.bai
					ANALYSIS_IDS: 58875d50-a143-4d49-a703-f56ec701183b

	SAMPLE WORKLFOW ACTION OVERVIEW
		LANES SPECIFIED FOR SAMPLE: 0
		BAMS FOUND: 
		CONTAINS ALIGNMENT!
		NOT PREVIOUSLY SCHEDULED OR RUN FORCED!
		LANE COUNT MATCHES OR IGNORED OR RUN FORCED: 1 0 
		CONCLUSION: WILL NOT SCHEDULE THIS SAMPLE FOR ALIGNMENT!

DONOR/PARTICIPANT: 11ab53c8-6366-4bc9-b60d-23e6ed2d1cae

	SAMPLE OVERVIEW
	SPECIMEN/SAMPLE: d3280297-5674-4ae6-ab57-8d820543901e
		ALIGNMENT: HS37D5
			ANALYZED SAMPLE/ALIQUOT: f64e9609-d75d-400c-a92d-d77fd54d6c29
				LIBRARY: IWG_TREN.A3-3372-01A-T_1pB
					BAMS: PAWG.a0218c53-0b70-4940-8e14-cdc7dde9e5a7.bam,PAWG.a0218c53-0b70-4940-8e14-cdc7dde9e5a7.bam.bai
					ANALYSIS_IDS: de28452b-f88a-44c2-abf4-e750dd172089

	SAMPLE WORKLFOW ACTION OVERVIEW
		LANES SPECIFIED FOR SAMPLE: 0
		BAMS FOUND: 
		CONTAINS ALIGNMENT!
		NOT PREVIOUSLY SCHEDULED OR RUN FORCED!
		LANE COUNT MATCHES OR IGNORED OR RUN FORCED: 1 0 
		CONCLUSION: WILL NOT SCHEDULE THIS SAMPLE FOR ALIGNMENT!

	SAMPLE OVERVIEW
	SPECIMEN/SAMPLE: b0ec0de0-7b17-4a9f-afbd-05f6644e504d
		ALIGNMENT: HS37D5
			ANALYZED SAMPLE/ALIQUOT: a9ee0148-a5d5-42bc-b31f-d3385ec2616b
				LIBRARY: IZZ_TREN.A3-3372-11A-N_1pA
					BAMS: PAWG.cdccdb98-4446-41f2-bcf2-e5459a2e477d.bam.bai,PAWG.cdccdb98-4446-41f2-bcf2-e5459a2e477d.bam
					ANALYSIS_IDS: bd7645c0-ebf7-4ec8-911b-c070a2c0c89c

	SAMPLE WORKLFOW ACTION OVERVIEW
		LANES SPECIFIED FOR SAMPLE: 0
		BAMS FOUND: 
		CONTAINS ALIGNMENT!
		NOT PREVIOUSLY SCHEDULED OR RUN FORCED!
		LANE COUNT MATCHES OR IGNORED OR RUN FORCED: 1 0 
		CONCLUSION: WILL NOT SCHEDULE THIS SAMPLE FOR ALIGNMENT!

DONOR/PARTICIPANT: 1404791b-86bf-4dfd-85b4-c8ff356f109c

	SAMPLE OVERVIEW
	SPECIMEN/SAMPLE: 07e2fea3-4ba5-49b3-ae9b-61ff8492026c
		ALIGNMENT: HS37D5
			ANALYZED SAMPLE/ALIQUOT: 41a7b031-d928-4a1f-891b-82fb3f6d548f
				LIBRARY: Solexa-161393
					BAMS: PAWG.230303e8-f1ef-4589-9c46-d11e4b83e75c.bam,PAWG.230303e8-f1ef-4589-9c46-d11e4b83e75c.bam.bai
					ANALYSIS_IDS: 59eb1b94-d67b-47e8-ae76-8cb89e6c5800

	SAMPLE WORKLFOW ACTION OVERVIEW
		LANES SPECIFIED FOR SAMPLE: 0
		BAMS FOUND: 
		CONTAINS ALIGNMENT!
		NOT PREVIOUSLY SCHEDULED OR RUN FORCED!
		LANE COUNT MATCHES OR IGNORED OR RUN FORCED: 1 0 
		CONCLUSION: WILL NOT SCHEDULE THIS SAMPLE FOR ALIGNMENT!

	SAMPLE OVERVIEW
	SPECIMEN/SAMPLE: 9f006b7f-4be8-423e-86c6-36ef71215c9f
		ALIGNMENT: HS37D5
			ANALYZED SAMPLE/ALIQUOT: 8bb3517f-9e54-4272-a6c2-a7b8e8cc567d
				LIBRARY: Solexa-161394
					BAMS: PAWG.02a966f9-14a4-4376-88df-8d4ca397c763.bam,PAWG.02a966f9-14a4-4376-88df-8d4ca397c763.bam.bai
					ANALYSIS_IDS: 8768a2e6-1963-4d07-8cbc-0f32b366534d

	SAMPLE WORKLFOW ACTION OVERVIEW
		LANES SPECIFIED FOR SAMPLE: 0
		BAMS FOUND: 
		CONTAINS ALIGNMENT!
		NOT PREVIOUSLY SCHEDULED OR RUN FORCED!
		LANE COUNT MATCHES OR IGNORED OR RUN FORCED: 1 0 
		CONCLUSION: WILL NOT SCHEDULE THIS SAMPLE FOR ALIGNMENT!

DONOR/PARTICIPANT: 0ec3caa1-7c51-417b-a89c-18e9fceb80c4

	SAMPLE OVERVIEW
	SPECIMEN/SAMPLE: 2bf14636-c30d-4d4e-840c-d13643c917b5
		ALIGNMENT: HS37D5
			ANALYZED SAMPLE/ALIQUOT: 539a0194-ea33-4213-b815-b8dbbc07a276
				LIBRARY: IWG_TKICH.KO-8416-11A-N_2pA
					BAMS: PAWG.88eb7362-ea2f-43e7-861d-e9b70dce04f3.bam,PAWG.88eb7362-ea2f-43e7-861d-e9b70dce04f3.bam.bai
					ANALYSIS_IDS: f92569e9-f5a7-4ca3-9388-b9e16150fe07

	SAMPLE WORKLFOW ACTION OVERVIEW
		LANES SPECIFIED FOR SAMPLE: 0
		BAMS FOUND: 
		CONTAINS ALIGNMENT!
		NOT PREVIOUSLY SCHEDULED OR RUN FORCED!
		LANE COUNT MATCHES OR IGNORED OR RUN FORCED: 1 0 
		CONCLUSION: WILL NOT SCHEDULE THIS SAMPLE FOR ALIGNMENT!

	SAMPLE OVERVIEW
	SPECIMEN/SAMPLE: 545486b9-ef3e-45ad-810a-f4594a2db883
		ALIGNMENT: HS37D5
			ANALYZED SAMPLE/ALIQUOT: 9d29543e-8601-4fd0-8e76-3df3de465cab
				LIBRARY: IWG_TKICH.KO-8416-01A-T_2pA
					BAMS: PAWG.df7ec290-c137-4a78-93f2-c0e15bf6b3b1.bam,PAWG.df7ec290-c137-4a78-93f2-c0e15bf6b3b1.bam.bai
					ANALYSIS_IDS: a059a6bb-0c9b-4a52-8455-272cc13d3358

	SAMPLE WORKLFOW ACTION OVERVIEW
		LANES SPECIFIED FOR SAMPLE: 0
		BAMS FOUND: 
		CONTAINS ALIGNMENT!
		NOT PREVIOUSLY SCHEDULED OR RUN FORCED!
		LANE COUNT MATCHES OR IGNORED OR RUN FORCED: 1 0 
		CONCLUSION: WILL NOT SCHEDULE THIS SAMPLE FOR ALIGNMENT!

DONOR/PARTICIPANT: 098acb76-0bf5-44e5-bcae-f919cf5fa5e5

	SAMPLE OVERVIEW
	SPECIMEN/SAMPLE: 3bf6ec5d-e075-41a7-bf32-470ec1f09e98
		ALIGNMENT: HS37D5
			ANALYZED SAMPLE/ALIQUOT: 84ca6ab0-9edc-4636-9d27-55cdba334d7d
				LIBRARY: Solexa-192913
					BAMS: PAWG.00e7f3bd-5c87-40c2-aeb6-4e4ca4a8e720.bam.bai,PAWG.00e7f3bd-5c87-40c2-aeb6-4e4ca4a8e720.bam
					ANALYSIS_IDS: 8d4743ba-054f-4e3a-b76e-3cbe77607364

	SAMPLE WORKLFOW ACTION OVERVIEW
		LANES SPECIFIED FOR SAMPLE: 0
		BAMS FOUND: 
		CONTAINS ALIGNMENT!
		NOT PREVIOUSLY SCHEDULED OR RUN FORCED!
		LANE COUNT MATCHES OR IGNORED OR RUN FORCED: 1 0 
		CONCLUSION: WILL NOT SCHEDULE THIS SAMPLE FOR ALIGNMENT!

	SAMPLE OVERVIEW
	SPECIMEN/SAMPLE: 5193a6b9-0705-491b-99b3-da1eb1713148
		ALIGNMENT: HS37D5
			ANALYZED SAMPLE/ALIQUOT: 6bbffea3-aa60-4aad-aa68-c3d135a6ddfb
				LIBRARY: Solexa-193386
					BAMS: PAWG.01db3f49-af1e-4779-803b-b2e516a9fbfd.bam,PAWG.01db3f49-af1e-4779-803b-b2e516a9fbfd.bam.bai
					ANALYSIS_IDS: 359eed34-0276-4ada-a1a4-57a28c99293e

	SAMPLE WORKLFOW ACTION OVERVIEW
		LANES SPECIFIED FOR SAMPLE: 0
		BAMS FOUND: 
		CONTAINS ALIGNMENT!
		NOT PREVIOUSLY SCHEDULED OR RUN FORCED!
		LANE COUNT MATCHES OR IGNORED OR RUN FORCED: 1 0 
		CONCLUSION: WILL NOT SCHEDULE THIS SAMPLE FOR ALIGNMENT!

DONOR/PARTICIPANT: 05924106-07f6-44ca-ba15-7452b8a657e4

	SAMPLE OVERVIEW
	SPECIMEN/SAMPLE: 0687049c-7de6-49dc-a45c-82c9f8c33de5
		ALIGNMENT: HS37D5
			ANALYZED SAMPLE/ALIQUOT: 882146d8-0b40-490b-b405-7ba28bf8aaa0
				LIBRARY: 2815935831
					BAMS: PAWG.6d59cd18-a25f-4171-ab8e-988e20e19866.bam,PAWG.6d59cd18-a25f-4171-ab8e-988e20e19866.bam.bai
					ANALYSIS_IDS: 3ecc1330-b272-45d8-9e00-62b748ca6ed5

	SAMPLE WORKLFOW ACTION OVERVIEW
		LANES SPECIFIED FOR SAMPLE: 0
		BAMS FOUND: 
		CONTAINS ALIGNMENT!
		NOT PREVIOUSLY SCHEDULED OR RUN FORCED!
		LANE COUNT MATCHES OR IGNORED OR RUN FORCED: 1 0 
		CONCLUSION: WILL NOT SCHEDULE THIS SAMPLE FOR ALIGNMENT!

	SAMPLE OVERVIEW
	SPECIMEN/SAMPLE: d42a66cd-bc74-477f-a924-1b3a303bfa16
		ALIGNMENT: HS37D5
			ANALYZED SAMPLE/ALIQUOT: 3467d556-ea36-46aa-b48f-29896f5b56f3
				LIBRARY: 2815935835
					BAMS: PAWG.489751ea-1c0e-408f-bd4c-5175dc788482.bam.bai,PAWG.489751ea-1c0e-408f-bd4c-5175dc788482.bam
					ANALYSIS_IDS: 11a903f0-099f-4acd-8b7e-45f9f5c62907

	SAMPLE WORKLFOW ACTION OVERVIEW
		LANES SPECIFIED FOR SAMPLE: 0
		BAMS FOUND: 
		CONTAINS ALIGNMENT!
		NOT PREVIOUSLY SCHEDULED OR RUN FORCED!
		LANE COUNT MATCHES OR IGNORED OR RUN FORCED: 1 0 
		CONCLUSION: WILL NOT SCHEDULE THIS SAMPLE FOR ALIGNMENT!

DONOR/PARTICIPANT: 0cb21fb0-520f-4105-99ec-697a335115b5

	SAMPLE OVERVIEW
	SPECIMEN/SAMPLE: 1402b955-ba35-4609-b1f3-079a90718c47
		ALIGNMENT: HS37D5
			ANALYZED SAMPLE/ALIQUOT: 1d30c6b6-8486-4a8b-9025-50b1559ffe28
				LIBRARY: IWG_IND-TREC.EI-6917-10A-N_2pA
					BAMS: PAWG.71481425-8371-4e2f-be7f-22ef1883af87.bam,PAWG.71481425-8371-4e2f-be7f-22ef1883af87.bam.bai
					ANALYSIS_IDS: d0a7571a-c5a0-4f77-9e80-04e7a5d71698

	SAMPLE WORKLFOW ACTION OVERVIEW
		LANES SPECIFIED FOR SAMPLE: 0
		BAMS FOUND: 
		CONTAINS ALIGNMENT!
		NOT PREVIOUSLY SCHEDULED OR RUN FORCED!
		LANE COUNT MATCHES OR IGNORED OR RUN FORCED: 1 0 
		CONCLUSION: WILL NOT SCHEDULE THIS SAMPLE FOR ALIGNMENT!

	SAMPLE OVERVIEW
	SPECIMEN/SAMPLE: 37bb8ce7-6c55-4237-a7ad-adc42e6ff6a8
		ALIGNMENT: HS37D5
			ANALYZED SAMPLE/ALIQUOT: 8853cbee-7931-49a6-b063-a806943a10ad
				LIBRARY: IWG_TREC.EI-6917-01A-T_2pA
					BAMS: PAWG.c44b8511-615b-45c2-b848-ac4a419e307e.bam.bai,PAWG.c44b8511-615b-45c2-b848-ac4a419e307e.bam
					ANALYSIS_IDS: 5a710592-272f-4e62-824a-b05253f58bef

	SAMPLE WORKLFOW ACTION OVERVIEW
		LANES SPECIFIED FOR SAMPLE: 0
		BAMS FOUND: 
		CONTAINS ALIGNMENT!
		NOT PREVIOUSLY SCHEDULED OR RUN FORCED!
		LANE COUNT MATCHES OR IGNORED OR RUN FORCED: 1 0 
		CONCLUSION: WILL NOT SCHEDULE THIS SAMPLE FOR ALIGNMENT!

DONOR/PARTICIPANT: 12824b2b-9c0a-4dcf-8941-34593a4e93da

	SAMPLE OVERVIEW
	SPECIMEN/SAMPLE: 956d0a4e-4485-40bf-abe2-d7d24f3c4c7a
		ALIGNMENT: HS37D5
			ANALYZED SAMPLE/ALIQUOT: e8114ae7-e076-44ca-b2bb-b6c3629b53b0
				LIBRARY: 2852372379
					BAMS: PAWG.fa4fa49d-6d53-4ffa-9759-ffb884b28d17.bam.bai,PAWG.fa4fa49d-6d53-4ffa-9759-ffb884b28d17.bam
					ANALYSIS_IDS: fc0572ff-90bd-4233-b46b-6afda08392fb

	SAMPLE WORKLFOW ACTION OVERVIEW
		LANES SPECIFIED FOR SAMPLE: 0
		BAMS FOUND: 
		CONTAINS ALIGNMENT!
		NOT PREVIOUSLY SCHEDULED OR RUN FORCED!
		LANE COUNT MATCHES OR IGNORED OR RUN FORCED: 1 0 
		CONCLUSION: WILL NOT SCHEDULE THIS SAMPLE FOR ALIGNMENT!

	SAMPLE OVERVIEW
	SPECIMEN/SAMPLE: 597caeaf-8957-43fe-99dc-43e136881a55
		ALIGNMENT: HS37D5
			ANALYZED SAMPLE/ALIQUOT: 96ef40c3-8d4c-4fe1-a33a-99f5b205a0bb
				LIBRARY: 2853770726
					BAMS: PAWG.64d83e97-f798-45d1-b9e6-efaa635b4abb.bam.bai,PAWG.64d83e97-f798-45d1-b9e6-efaa635b4abb.bam
					ANALYSIS_IDS: e13b3641-b5fe-4014-b6a9-68290fafaa16

	SAMPLE WORKLFOW ACTION OVERVIEW
		LANES SPECIFIED FOR SAMPLE: 0
		BAMS FOUND: 
		CONTAINS ALIGNMENT!
		NOT PREVIOUSLY SCHEDULED OR RUN FORCED!
		LANE COUNT MATCHES OR IGNORED OR RUN FORCED: 1 0 
		CONCLUSION: WILL NOT SCHEDULE THIS SAMPLE FOR ALIGNMENT!

DONOR/PARTICIPANT: 0798dbe2-1914-427c-a2fe-2a865d0d6eda

	SAMPLE OVERVIEW
	SPECIMEN/SAMPLE: 67d92f3a-1cbe-4e4e-a8c4-27be346c1781
		ALIGNMENT: HS37D5
			ANALYZED SAMPLE/ALIQUOT: 65f88317-181a-4cac-b481-747f84d74fca
				LIBRARY: 2850371979
					BAMS: PAWG.701ee04f-ee1c-42b4-9614-499d51cf4a0a.bam,PAWG.701ee04f-ee1c-42b4-9614-499d51cf4a0a.bam.bai
					ANALYSIS_IDS: 09ff78c1-0dcc-4eb2-81c5-9593d97cceca

	SAMPLE WORKLFOW ACTION OVERVIEW
		LANES SPECIFIED FOR SAMPLE: 0
		BAMS FOUND: 
		CONTAINS ALIGNMENT!
		NOT PREVIOUSLY SCHEDULED OR RUN FORCED!
		LANE COUNT MATCHES OR IGNORED OR RUN FORCED: 1 0 
		CONCLUSION: WILL NOT SCHEDULE THIS SAMPLE FOR ALIGNMENT!

	SAMPLE OVERVIEW
	SPECIMEN/SAMPLE: 1e89f944-8061-4f2d-85d1-882570020736
		ALIGNMENT: HS37D5
			ANALYZED SAMPLE/ALIQUOT: 1e27cc8a-5394-4958-9af6-5ece1fe24516
				LIBRARY: 2857747041
					BAMS: PAWG.d19dbf14-3293-4e09-a072-a746bb26376c.bam.bai,PAWG.d19dbf14-3293-4e09-a072-a746bb26376c.bam
					ANALYSIS_IDS: 2c4a7e00-877b-4bc1-a765-e409234d5d1f

	SAMPLE WORKLFOW ACTION OVERVIEW
		LANES SPECIFIED FOR SAMPLE: 0
		BAMS FOUND: 
		CONTAINS ALIGNMENT!
		NOT PREVIOUSLY SCHEDULED OR RUN FORCED!
		LANE COUNT MATCHES OR IGNORED OR RUN FORCED: 1 0 
		CONCLUSION: WILL NOT SCHEDULE THIS SAMPLE FOR ALIGNMENT!

DONOR/PARTICIPANT: 1adb05d4-e1ca-4ede-81c7-ff24a243abae

	SAMPLE OVERVIEW
	SPECIMEN/SAMPLE: e242adb8-db67-475e-a0e4-52a622666b12
		ALIGNMENT: HS37D5
			ANALYZED SAMPLE/ALIQUOT: 252a1c43-f954-44d7-8e31-6bcd0157a05c
				LIBRARY: IWG_TREN.B2-4099-01A-T_4pA
					BAMS: PAWG.964eb3a2-8c65-46b1-9087-14b3b5ade6ad.bam,PAWG.964eb3a2-8c65-46b1-9087-14b3b5ade6ad.bam.bai
					ANALYSIS_IDS: f996784c-170c-4544-808b-57256aa43dc5

	SAMPLE WORKLFOW ACTION OVERVIEW
		LANES SPECIFIED FOR SAMPLE: 0
		BAMS FOUND: 
		CONTAINS ALIGNMENT!
		NOT PREVIOUSLY SCHEDULED OR RUN FORCED!
		LANE COUNT MATCHES OR IGNORED OR RUN FORCED: 1 0 
		CONCLUSION: WILL NOT SCHEDULE THIS SAMPLE FOR ALIGNMENT!

	SAMPLE OVERVIEW
	SPECIMEN/SAMPLE: a4f480ba-830b-40d9-a4cb-b6b8df66eaa4
		ALIGNMENT: HS37D5
			ANALYZED SAMPLE/ALIQUOT: 7b9b0e27-01cd-4fe3-a904-9d396d61f646
				LIBRARY: IWG_TREN.B2-4099-10A-N_4pA
					BAMS: PAWG.80d8e24d-3ec1-4e43-a28a-4dba015c7fa6.bam.bai,PAWG.80d8e24d-3ec1-4e43-a28a-4dba015c7fa6.bam
					ANALYSIS_IDS: 1328c299-b15f-4934-91e7-b5796e785d2f

	SAMPLE WORKLFOW ACTION OVERVIEW
		LANES SPECIFIED FOR SAMPLE: 0
		BAMS FOUND: 
		CONTAINS ALIGNMENT!
		NOT PREVIOUSLY SCHEDULED OR RUN FORCED!
		LANE COUNT MATCHES OR IGNORED OR RUN FORCED: 1 0 
		CONCLUSION: WILL NOT SCHEDULE THIS SAMPLE FOR ALIGNMENT!

DONOR/PARTICIPANT: 2501ee46-8d38-448b-8765-e9c9706cbbe8

	SAMPLE OVERVIEW
	SPECIMEN/SAMPLE: 88a3a560-fb2d-4e5e-b7b5-831cf7f9671c
		ALIGNMENT: HS37D5
			ANALYZED SAMPLE/ALIQUOT: 62c780b8-c3a9-4c61-a1bc-18a80c5ca48d
				LIBRARY: Sage-155581
					BAMS: PAWG.d2149bf0-0ebf-44fc-8763-98cbac731b09.bam.bai,PAWG.d2149bf0-0ebf-44fc-8763-98cbac731b09.bam
					ANALYSIS_IDS: 36974f4a-95b6-41bf-84c9-6870769198ff

	SAMPLE WORKLFOW ACTION OVERVIEW
		LANES SPECIFIED FOR SAMPLE: 0
		BAMS FOUND: 
		CONTAINS ALIGNMENT!
		NOT PREVIOUSLY SCHEDULED OR RUN FORCED!
		LANE COUNT MATCHES OR IGNORED OR RUN FORCED: 1 0 
		CONCLUSION: WILL NOT SCHEDULE THIS SAMPLE FOR ALIGNMENT!

	SAMPLE OVERVIEW
	SPECIMEN/SAMPLE: c92fc4e3-7a96-4000-a969-aa894ca58a33
		ALIGNMENT: HS37D5
			ANALYZED SAMPLE/ALIQUOT: 64c2e6a0-2341-49c4-a6dd-656e7bb505dd
				LIBRARY: Sage-155582
					BAMS: PAWG.80304de2-8f90-4d66-a991-f1102cfb3eb9.bam.bai,PAWG.80304de2-8f90-4d66-a991-f1102cfb3eb9.bam
					ANALYSIS_IDS: e326796b-8d89-4f2b-8307-c261d62ed2d5

	SAMPLE WORKLFOW ACTION OVERVIEW
		LANES SPECIFIED FOR SAMPLE: 0
		BAMS FOUND: 
		CONTAINS ALIGNMENT!
		NOT PREVIOUSLY SCHEDULED OR RUN FORCED!
		LANE COUNT MATCHES OR IGNORED OR RUN FORCED: 1 0 
		CONCLUSION: WILL NOT SCHEDULE THIS SAMPLE FOR ALIGNMENT!

DONOR/PARTICIPANT: 925ae8ff-3200-4564-be76-94db0984b027

	SAMPLE OVERVIEW
	SPECIMEN/SAMPLE: 4ddc37d4-35b8-4a5d-bbf1-6dbf0548852b
		ALIGNMENT: HS37D5
			ANALYZED SAMPLE/ALIQUOT: 5ecc88f7-8391-4168-af11-07a6bf9b3652
				LIBRARY: IWG_TKIRP.A4-A48D-01A-T_1pA
					BAMS: PAWG.af8674a0-521e-4f28-b13f-5559909e60c8.bam,PAWG.af8674a0-521e-4f28-b13f-5559909e60c8.bam.bai
					ANALYSIS_IDS: d9fa768e-441c-46c3-a1cc-7cd1a6fc623b

	SAMPLE WORKLFOW ACTION OVERVIEW
		LANES SPECIFIED FOR SAMPLE: 0
		BAMS FOUND: 
		CONTAINS ALIGNMENT!
		NOT PREVIOUSLY SCHEDULED OR RUN FORCED!
		LANE COUNT MATCHES OR IGNORED OR RUN FORCED: 1 0 
		CONCLUSION: WILL NOT SCHEDULE THIS SAMPLE FOR ALIGNMENT!

	SAMPLE OVERVIEW
	SPECIMEN/SAMPLE: 612d71e8-08c2-4c2c-b1b3-bfd0228fb2e2
		ALIGNMENT: HS37D5
			ANALYZED SAMPLE/ALIQUOT: b87ba993-24fc-4472-bbbc-d4b8af979060
				LIBRARY: IWG_TKIRP.A4-A48D-10A-N_1pA
					BAMS: PAWG.3a921418-7ca7-41af-aa40-8cc35d64156c.bam,PAWG.3a921418-7ca7-41af-aa40-8cc35d64156c.bam.bai
					ANALYSIS_IDS: c3060acc-7258-400c-b2bf-aa7b9cba0f10

	SAMPLE WORKLFOW ACTION OVERVIEW
		LANES SPECIFIED FOR SAMPLE: 0
		BAMS FOUND: 
		CONTAINS ALIGNMENT!
		NOT PREVIOUSLY SCHEDULED OR RUN FORCED!
		LANE COUNT MATCHES OR IGNORED OR RUN FORCED: 1 0 
		CONCLUSION: WILL NOT SCHEDULE THIS SAMPLE FOR ALIGNMENT!

DONOR/PARTICIPANT: 045c13ef-3db7-4adf-b0a3-23338f0479f3

	SAMPLE OVERVIEW
	SPECIMEN/SAMPLE: 14423610-4958-43f4-9a75-1a61c1293024
		ALIGNMENT: HS37D5
			ANALYZED SAMPLE/ALIQUOT: a876398c-5b1d-444f-a360-5fe2db697480
				LIBRARY: 2870792905
					BAMS: PAWG.4b7c5c51-36d4-45a4-ae4d-0e8154e4f0c6.bam,PAWG.4b7c5c51-36d4-45a4-ae4d-0e8154e4f0c6.bam.bai
					ANALYSIS_IDS: 8dad156a-af99-4c0c-84ef-2052903481fb

	SAMPLE WORKLFOW ACTION OVERVIEW
		LANES SPECIFIED FOR SAMPLE: 0
		BAMS FOUND: 
		CONTAINS ALIGNMENT!
		NOT PREVIOUSLY SCHEDULED OR RUN FORCED!
		LANE COUNT MATCHES OR IGNORED OR RUN FORCED: 1 0 
		CONCLUSION: WILL NOT SCHEDULE THIS SAMPLE FOR ALIGNMENT!

	SAMPLE OVERVIEW
	SPECIMEN/SAMPLE: deb8dcfd-f24a-4cc3-bc21-cdcd50359d13
		ALIGNMENT: HS37D5
			ANALYZED SAMPLE/ALIQUOT: e582a24d-98bf-40d3-bbc8-e8823a28127f
				LIBRARY: 2871948048
					BAMS: PAWG.be4e193a-0c7e-4f1f-bb1d-db374264155d.bam,PAWG.be4e193a-0c7e-4f1f-bb1d-db374264155d.bam.bai
					ANALYSIS_IDS: 71fc1335-17de-4aa8-837a-977099cd43a2

	SAMPLE WORKLFOW ACTION OVERVIEW
		LANES SPECIFIED FOR SAMPLE: 0
		BAMS FOUND: 
		CONTAINS ALIGNMENT!
		NOT PREVIOUSLY SCHEDULED OR RUN FORCED!
		LANE COUNT MATCHES OR IGNORED OR RUN FORCED: 1 0 
		CONCLUSION: WILL NOT SCHEDULE THIS SAMPLE FOR ALIGNMENT!

DONOR/PARTICIPANT: 010aac75-3bfe-4bf2-b866-af0f2d92f125

	SAMPLE OVERVIEW
	SPECIMEN/SAMPLE: afdafc3c-5d20-453e-80cc-ae12494ef693
		ALIGNMENT: HS37D5
			ANALYZED SAMPLE/ALIQUOT: 80b03480-5d28-481e-a447-59140d82f1f8
				LIBRARY: Solexa-161834
					BAMS: PAWG.f466f409-012f-4833-957b-8de7d21ae60f.bam.bai,PAWG.f466f409-012f-4833-957b-8de7d21ae60f.bam
					ANALYSIS_IDS: 42df0320-2c59-4ce9-a68b-533559fce0ba

	SAMPLE WORKLFOW ACTION OVERVIEW
		LANES SPECIFIED FOR SAMPLE: 0
		BAMS FOUND: 
		CONTAINS ALIGNMENT!
		NOT PREVIOUSLY SCHEDULED OR RUN FORCED!
		LANE COUNT MATCHES OR IGNORED OR RUN FORCED: 1 0 
		CONCLUSION: WILL NOT SCHEDULE THIS SAMPLE FOR ALIGNMENT!

	SAMPLE OVERVIEW
	SPECIMEN/SAMPLE: 11437143-41f5-4005-9124-4d6a4a2f0e2d
		ALIGNMENT: HS37D5
			ANALYZED SAMPLE/ALIQUOT: 6847e993-1414-4e6f-a2af-39ebe218dd7c
				LIBRARY: Solexa-161850
					BAMS: PAWG.c4acd2ab-93da-47ff-a5ac-14a9c269bc06.bam,PAWG.c4acd2ab-93da-47ff-a5ac-14a9c269bc06.bam.bai
					ANALYSIS_IDS: ac757c6d-acc6-45f0-94e0-e6aa1f3709b9

	SAMPLE WORKLFOW ACTION OVERVIEW
		LANES SPECIFIED FOR SAMPLE: 0
		BAMS FOUND: 
		CONTAINS ALIGNMENT!
		NOT PREVIOUSLY SCHEDULED OR RUN FORCED!
		LANE COUNT MATCHES OR IGNORED OR RUN FORCED: 1 0 
		CONCLUSION: WILL NOT SCHEDULE THIS SAMPLE FOR ALIGNMENT!

DONOR/PARTICIPANT: 05506f4c-e701-4a9d-ae06-97f066aade43

	SAMPLE OVERVIEW
	SPECIMEN/SAMPLE: b2905a3f-810b-4e74-af5c-42d513d91746
		ALIGNMENT: HS37D5
			ANALYZED SAMPLE/ALIQUOT: f848b66f-bd9e-4fba-afd4-eb58848d1ef4
				LIBRARY: 2892952780
					BAMS: PAWG.a3efd151-d3c6-49da-9692-f0436e849d87.bam,PAWG.a3efd151-d3c6-49da-9692-f0436e849d87.bam.bai
					ANALYSIS_IDS: d8a715b0-1b47-4470-82ad-f206ae48a565

	SAMPLE WORKLFOW ACTION OVERVIEW
		LANES SPECIFIED FOR SAMPLE: 0
		BAMS FOUND: 
		CONTAINS ALIGNMENT!
		NOT PREVIOUSLY SCHEDULED OR RUN FORCED!
		LANE COUNT MATCHES OR IGNORED OR RUN FORCED: 1 0 
		CONCLUSION: WILL NOT SCHEDULE THIS SAMPLE FOR ALIGNMENT!

	SAMPLE OVERVIEW
	SPECIMEN/SAMPLE: 669a4076-13de-42dc-895c-85d040422042
		ALIGNMENT: HS37D5
			ANALYZED SAMPLE/ALIQUOT: 591a3934-0614-4c7e-8cd5-b7785b709bad
				LIBRARY: 2892952774
					BAMS: PAWG.1f6de218-f294-4555-9a6c-04c6c4ed81ef.bam.bai,PAWG.1f6de218-f294-4555-9a6c-04c6c4ed81ef.bam
					ANALYSIS_IDS: 7cde888a-e1e5-43cf-a573-1a44183e13e5

	SAMPLE WORKLFOW ACTION OVERVIEW
		LANES SPECIFIED FOR SAMPLE: 0
		BAMS FOUND: 
		CONTAINS ALIGNMENT!
		NOT PREVIOUSLY SCHEDULED OR RUN FORCED!
		LANE COUNT MATCHES OR IGNORED OR RUN FORCED: 1 0 
		CONCLUSION: WILL NOT SCHEDULE THIS SAMPLE FOR ALIGNMENT!

DONOR/PARTICIPANT: 00bca18c-b3d4-45a3-8f19-034cc40449a4

	SAMPLE OVERVIEW
	SPECIMEN/SAMPLE: cbad0c55-915a-4f65-b040-57111ead3bde
		ALIGNMENT: HS37D5
			ANALYZED SAMPLE/ALIQUOT: 3269608c-5dd7-452a-976a-31ac971aac2f
				LIBRARY: 2893678457
					BAMS: PAWG.ed062bdb-9c6b-4845-ad42-1736f1f66853.bam.bai,PAWG.ed062bdb-9c6b-4845-ad42-1736f1f66853.bam
					ANALYSIS_IDS: 88d22b90-157f-4924-84a9-e6deddd36aa2

	SAMPLE WORKLFOW ACTION OVERVIEW
		LANES SPECIFIED FOR SAMPLE: 0
		BAMS FOUND: 
		CONTAINS ALIGNMENT!
		NOT PREVIOUSLY SCHEDULED OR RUN FORCED!
		LANE COUNT MATCHES OR IGNORED OR RUN FORCED: 1 0 
		CONCLUSION: WILL NOT SCHEDULE THIS SAMPLE FOR ALIGNMENT!

	SAMPLE OVERVIEW
	SPECIMEN/SAMPLE: 6feafb61-d586-4e88-84d1-dfb715aefdc6
		ALIGNMENT: HS37D5
			ANALYZED SAMPLE/ALIQUOT: 28fa35ae-f144-4ef0-918e-fe72471c8101
				LIBRARY: 2893678459
					BAMS: PAWG.45a1d49f-b5ee-4e9b-96a8-0c134ebfac6c.bam.bai,PAWG.45a1d49f-b5ee-4e9b-96a8-0c134ebfac6c.bam
					ANALYSIS_IDS: 3a8d972d-6171-4b26-836a-cad0efdb4736

	SAMPLE WORKLFOW ACTION OVERVIEW
		LANES SPECIFIED FOR SAMPLE: 0
		BAMS FOUND: 
		CONTAINS ALIGNMENT!
		NOT PREVIOUSLY SCHEDULED OR RUN FORCED!
		LANE COUNT MATCHES OR IGNORED OR RUN FORCED: 1 0 
		CONCLUSION: WILL NOT SCHEDULE THIS SAMPLE FOR ALIGNMENT!

DONOR/PARTICIPANT: 09587f1c-5c99-4102-bc49-84d50fa8d0ce

	SAMPLE OVERVIEW
	SPECIMEN/SAMPLE: 16225d9e-2074-42ae-91e5-4d0352916465
		ALIGNMENT: HS37D5
			ANALYZED SAMPLE/ALIQUOT: 432f25db-bdbb-4b92-89c0-7f179f3927ed
				LIBRARY: Sage-172284
					BAMS: PAWG.8eb21446-9b12-4847-b0a1-113480e9111a.bam,PAWG.8eb21446-9b12-4847-b0a1-113480e9111a.bam.bai
					ANALYSIS_IDS: 9c533977-4d82-4ed0-b139-4ceb4f3271ae

	SAMPLE WORKLFOW ACTION OVERVIEW
		LANES SPECIFIED FOR SAMPLE: 0
		BAMS FOUND: 
		CONTAINS ALIGNMENT!
		NOT PREVIOUSLY SCHEDULED OR RUN FORCED!
		LANE COUNT MATCHES OR IGNORED OR RUN FORCED: 1 0 
		CONCLUSION: WILL NOT SCHEDULE THIS SAMPLE FOR ALIGNMENT!

	SAMPLE OVERVIEW
	SPECIMEN/SAMPLE: 2986f11f-3c18-4621-8406-d46614537ed4
		ALIGNMENT: HS37D5
			ANALYZED SAMPLE/ALIQUOT: 26ed0dd6-fcf5-4b45-a3a9-6f813d5fbaf7
				LIBRARY: Solexa-174063
					BAMS: PAWG.c904c979-4ec6-49f8-875a-3d4fdcc96761.bam,PAWG.c904c979-4ec6-49f8-875a-3d4fdcc96761.bam.bai
					ANALYSIS_IDS: 2d30dd5a-30a0-4673-9f0c-1ecd18a60e28

	SAMPLE WORKLFOW ACTION OVERVIEW
		LANES SPECIFIED FOR SAMPLE: 0
		BAMS FOUND: 
		CONTAINS ALIGNMENT!
		NOT PREVIOUSLY SCHEDULED OR RUN FORCED!
		LANE COUNT MATCHES OR IGNORED OR RUN FORCED: 1 0 
		CONCLUSION: WILL NOT SCHEDULE THIS SAMPLE FOR ALIGNMENT!

DONOR/PARTICIPANT: 0956bc67-dd55-4c54-a56a-f22f2856662a

	SAMPLE OVERVIEW
	SPECIMEN/SAMPLE: 212a8e4c-31ab-4a72-9e78-d8076fef8fff
		ALIGNMENT: HS37D5
			ANALYZED SAMPLE/ALIQUOT: c2cd77c0-44d7-47db-84d0-e9b030c2f9d4
				LIBRARY: Sage-113815
					BAMS: PAWG.863fe801-c4eb-436c-9410-545a1164e943.bam.bai,PAWG.863fe801-c4eb-436c-9410-545a1164e943.bam
					ANALYSIS_IDS: 65ab7da5-8979-4c3c-bc40-5cf29ed47acd

	SAMPLE WORKLFOW ACTION OVERVIEW
		LANES SPECIFIED FOR SAMPLE: 0
		BAMS FOUND: 
		CONTAINS ALIGNMENT!
		NOT PREVIOUSLY SCHEDULED OR RUN FORCED!
		LANE COUNT MATCHES OR IGNORED OR RUN FORCED: 1 0 
		CONCLUSION: WILL NOT SCHEDULE THIS SAMPLE FOR ALIGNMENT!

	SAMPLE OVERVIEW
	SPECIMEN/SAMPLE: 76095f05-cd2b-4973-800a-10fe58ee1609
		ALIGNMENT: HS37D5
			ANALYZED SAMPLE/ALIQUOT: 5193a482-6ed9-4504-bd7c-c8b9e4103577
				LIBRARY: Sage-113775
					BAMS: PAWG.9428f3db-6c71-41cc-83a0-1bc0d4a105cc.bam.bai,PAWG.9428f3db-6c71-41cc-83a0-1bc0d4a105cc.bam
					ANALYSIS_IDS: 6ae9fa6e-553f-42a4-bf8b-2e7af6899743

	SAMPLE WORKLFOW ACTION OVERVIEW
		LANES SPECIFIED FOR SAMPLE: 0
		BAMS FOUND: 
		CONTAINS ALIGNMENT!
		NOT PREVIOUSLY SCHEDULED OR RUN FORCED!
		LANE COUNT MATCHES OR IGNORED OR RUN FORCED: 1 0 
		CONCLUSION: WILL NOT SCHEDULE THIS SAMPLE FOR ALIGNMENT!

DONOR/PARTICIPANT: 2b76cc9c-c379-43e4-9c3f-56197a3353be

	SAMPLE OVERVIEW
	SPECIMEN/SAMPLE: 6e63cd30-ae3c-4b5a-8001-26c93f903a10
		ALIGNMENT: HS37D5
			ANALYZED SAMPLE/ALIQUOT: 332a9df3-3816-4ba2-9c2a-732e0895294e
				LIBRARY: 2893698860
					BAMS: PAWG.4a47eec1-a25e-4591-be8e-110637134b0e.bam,PAWG.4a47eec1-a25e-4591-be8e-110637134b0e.bam.bai
					ANALYSIS_IDS: b8a9dda5-8299-4fe4-8964-d248bb24bb95

	SAMPLE WORKLFOW ACTION OVERVIEW
		LANES SPECIFIED FOR SAMPLE: 0
		BAMS FOUND: 
		CONTAINS ALIGNMENT!
		NOT PREVIOUSLY SCHEDULED OR RUN FORCED!
		LANE COUNT MATCHES OR IGNORED OR RUN FORCED: 1 0 
		CONCLUSION: WILL NOT SCHEDULE THIS SAMPLE FOR ALIGNMENT!

	SAMPLE OVERVIEW
	SPECIMEN/SAMPLE: cf369a2c-d3c3-4fa3-b004-e4269530ceff
		ALIGNMENT: HS37D5
			ANALYZED SAMPLE/ALIQUOT: 8d4cb709-c95c-4bdc-844b-c0bfa2a3028e
				LIBRARY: 2893698190
					BAMS: PAWG.c95d9015-10a2-45bb-bc00-93e1c5815a43.bam,PAWG.c95d9015-10a2-45bb-bc00-93e1c5815a43.bam.bai
					ANALYSIS_IDS: 907c95e8-217c-4434-8b1d-3550507f0b80

	SAMPLE WORKLFOW ACTION OVERVIEW
		LANES SPECIFIED FOR SAMPLE: 0
		BAMS FOUND: 
		CONTAINS ALIGNMENT!
		NOT PREVIOUSLY SCHEDULED OR RUN FORCED!
		LANE COUNT MATCHES OR IGNORED OR RUN FORCED: 1 0 
		CONCLUSION: WILL NOT SCHEDULE THIS SAMPLE FOR ALIGNMENT!

DONOR/PARTICIPANT: 0da5ee6c-d012-4a57-9992-9d74937aaa5f

	SAMPLE OVERVIEW
	SPECIMEN/SAMPLE: 150ae96a-6c41-474a-a434-c0e25b988b3a
		ALIGNMENT: HS37D5
			ANALYZED SAMPLE/ALIQUOT: 8475f0ef-158e-493e-82b5-44e895dfc0a7
				LIBRARY: 2893840218
					BAMS: PAWG.7aa1e116-1111-4acb-b368-578d10458cd0.bam.bai,PAWG.7aa1e116-1111-4acb-b368-578d10458cd0.bam
					ANALYSIS_IDS: 90f46b24-9b22-43cd-b6b1-a5b60ec3b33e

	SAMPLE WORKLFOW ACTION OVERVIEW
		LANES SPECIFIED FOR SAMPLE: 0
		BAMS FOUND: 
		CONTAINS ALIGNMENT!
		NOT PREVIOUSLY SCHEDULED OR RUN FORCED!
		LANE COUNT MATCHES OR IGNORED OR RUN FORCED: 1 0 
		CONCLUSION: WILL NOT SCHEDULE THIS SAMPLE FOR ALIGNMENT!

	SAMPLE OVERVIEW
	SPECIMEN/SAMPLE: f854db6b-57cb-4da7-9252-b2ade22c2675
		ALIGNMENT: HS37D5
			ANALYZED SAMPLE/ALIQUOT: 6aa00162-6294-4ce7-b6b7-0c3452e24cd6
				LIBRARY: 2893840214
					BAMS: PAWG.6e51117c-0705-4967-b674-e4aed6038f8b.bam.bai,PAWG.6e51117c-0705-4967-b674-e4aed6038f8b.bam
					ANALYSIS_IDS: 48795bd4-40cc-473d-af54-0620eba2f163

	SAMPLE WORKLFOW ACTION OVERVIEW
		LANES SPECIFIED FOR SAMPLE: 0
		BAMS FOUND: 
		CONTAINS ALIGNMENT!
		NOT PREVIOUSLY SCHEDULED OR RUN FORCED!
		LANE COUNT MATCHES OR IGNORED OR RUN FORCED: 1 0 
		CONCLUSION: WILL NOT SCHEDULE THIS SAMPLE FOR ALIGNMENT!

DONOR/PARTICIPANT: 268c01b3-d2ce-44c0-a2fe-ea846a1253cc

	SAMPLE OVERVIEW
	SPECIMEN/SAMPLE: b424f6a7-2d2a-4dab-832d-3288feeff3c7
		ALIGNMENT: HS37D5
			ANALYZED SAMPLE/ALIQUOT: 73fa41a5-cd47-4c3e-b57f-3c40e57ecfa3
				LIBRARY: IWG_TCOL.CA-6717-10A-N_3pA
					BAMS: PAWG.0e0d6399-3a1e-4b5a-8f9b-02303edd8f4a.bam,PAWG.0e0d6399-3a1e-4b5a-8f9b-02303edd8f4a.bam.bai
					ANALYSIS_IDS: b8d6594d-a15f-43d4-a99e-52aa1e8d01a8

	SAMPLE WORKLFOW ACTION OVERVIEW
		LANES SPECIFIED FOR SAMPLE: 0
		BAMS FOUND: 
		CONTAINS ALIGNMENT!
		NOT PREVIOUSLY SCHEDULED OR RUN FORCED!
		LANE COUNT MATCHES OR IGNORED OR RUN FORCED: 1 0 
		CONCLUSION: WILL NOT SCHEDULE THIS SAMPLE FOR ALIGNMENT!

	SAMPLE OVERVIEW
	SPECIMEN/SAMPLE: d412011f-061c-43d6-8fa7-f917da658aff
		ALIGNMENT: HS37D5
			ANALYZED SAMPLE/ALIQUOT: 2df02f2b-9f1c-4249-b3b4-b03079cd97d9
				LIBRARY: IWG_TCOL.CA-6717-01A-T_3pA
					BAMS: PAWG.a1f1bcef-0bc0-4a97-8617-1f4b6f493498.bam.bai,PAWG.a1f1bcef-0bc0-4a97-8617-1f4b6f493498.bam
					ANALYSIS_IDS: b3b27e18-e35b-4533-9de9-31ce9fb97bec

	SAMPLE WORKLFOW ACTION OVERVIEW
		LANES SPECIFIED FOR SAMPLE: 0
		BAMS FOUND: 
		CONTAINS ALIGNMENT!
		NOT PREVIOUSLY SCHEDULED OR RUN FORCED!
		LANE COUNT MATCHES OR IGNORED OR RUN FORCED: 1 0 
		CONCLUSION: WILL NOT SCHEDULE THIS SAMPLE FOR ALIGNMENT!

DONOR/PARTICIPANT: 257dc623-41e1-4fa3-859c-c787db10bd60

	SAMPLE OVERVIEW
	SPECIMEN/SAMPLE: f8495459-caf7-47ca-9b6a-7fe11ff1ba11
		ALIGNMENT: HS37D5
			ANALYZED SAMPLE/ALIQUOT: d8f0becd-fda8-41f4-a424-e082f9eae22c
				LIBRARY: 2893840206
					BAMS: PAWG.53d73a93-31ca-480e-ab1b-36742dcde99d.bam,PAWG.53d73a93-31ca-480e-ab1b-36742dcde99d.bam.bai
					ANALYSIS_IDS: ffab49f1-9fa6-4879-abab-6c51ca1ce948

	SAMPLE WORKLFOW ACTION OVERVIEW
		LANES SPECIFIED FOR SAMPLE: 0
		BAMS FOUND: 
		CONTAINS ALIGNMENT!
		NOT PREVIOUSLY SCHEDULED OR RUN FORCED!
		LANE COUNT MATCHES OR IGNORED OR RUN FORCED: 1 0 
		CONCLUSION: WILL NOT SCHEDULE THIS SAMPLE FOR ALIGNMENT!

	SAMPLE OVERVIEW
	SPECIMEN/SAMPLE: cd52c7e6-a9e5-41cf-a7a0-e4b1c052336b
		ALIGNMENT: HS37D5
			ANALYZED SAMPLE/ALIQUOT: 5f7a0fb0-9477-462c-959e-7fc6f0125fec
				LIBRARY: 2893840210
					BAMS: PAWG.2ebf592b-a06d-442c-8b79-743df0d2d0f0.bam,PAWG.2ebf592b-a06d-442c-8b79-743df0d2d0f0.bam.bai
					ANALYSIS_IDS: 519aef2d-6fc7-484e-a7d8-6fde2e93ea33

	SAMPLE WORKLFOW ACTION OVERVIEW
		LANES SPECIFIED FOR SAMPLE: 0
		BAMS FOUND: 
		CONTAINS ALIGNMENT!
		NOT PREVIOUSLY SCHEDULED OR RUN FORCED!
		LANE COUNT MATCHES OR IGNORED OR RUN FORCED: 1 0 
		CONCLUSION: WILL NOT SCHEDULE THIS SAMPLE FOR ALIGNMENT!

DONOR/PARTICIPANT: 0bb786ee-07cf-4853-9b49-ec95cd14e282

	SAMPLE OVERVIEW
	SPECIMEN/SAMPLE: 02e756ef-31bd-4e2f-ac81-2476368dbd96
		ALIGNMENT: HS37D5
			ANALYZED SAMPLE/ALIQUOT: 17b3bb66-b895-4331-836d-fdd2f4d5dc6f
				LIBRARY: IWG_TREC.AG-A032-10A-N_1pA
					BAMS: PAWG.fa7a917b-3692-408e-a23b-88d52f7b91d3.bam.bai,PAWG.fa7a917b-3692-408e-a23b-88d52f7b91d3.bam
					ANALYSIS_IDS: 1479177e-8cc9-4f64-a9e2-3f5a18de7200

	SAMPLE WORKLFOW ACTION OVERVIEW
		LANES SPECIFIED FOR SAMPLE: 0
		BAMS FOUND: 
		CONTAINS ALIGNMENT!
		NOT PREVIOUSLY SCHEDULED OR RUN FORCED!
		LANE COUNT MATCHES OR IGNORED OR RUN FORCED: 1 0 
		CONCLUSION: WILL NOT SCHEDULE THIS SAMPLE FOR ALIGNMENT!

	SAMPLE OVERVIEW
	SPECIMEN/SAMPLE: ae3c8931-c06f-466a-b6bf-440007e13387
		ALIGNMENT: HS37D5
			ANALYZED SAMPLE/ALIQUOT: cd3d7559-b583-4474-81df-4bf9232de3c2
				LIBRARY: IWG_TREC.AG-A032-01A-T_1pA
					BAMS: PAWG.f95a220c-742d-46ee-8110-8bf799142300.bam,PAWG.f95a220c-742d-46ee-8110-8bf799142300.bam.bai
					ANALYSIS_IDS: 466fa972-57e1-4618-8123-247e102e510b

	SAMPLE WORKLFOW ACTION OVERVIEW
		LANES SPECIFIED FOR SAMPLE: 0
		BAMS FOUND: 
		CONTAINS ALIGNMENT!
		NOT PREVIOUSLY SCHEDULED OR RUN FORCED!
		LANE COUNT MATCHES OR IGNORED OR RUN FORCED: 1 0 
		CONCLUSION: WILL NOT SCHEDULE THIS SAMPLE FOR ALIGNMENT!

DONOR/PARTICIPANT: 05fbd98c-28bd-41bc-ae60-16ac0c16c723

	SAMPLE OVERVIEW
	SPECIMEN/SAMPLE: e8bd9dcb-a9c7-4361-9724-24922a5e613b
		ALIGNMENT: HS37D5
			ANALYZED SAMPLE/ALIQUOT: a8041e86-071e-46cd-8fb5-7ecdc1ab0553
				LIBRARY: IWG_THNSCG.CV-7090-01AT_1pA
					BAMS: PAWG.095603a6-4192-4c70-8c13-9ad46934f9ee.bam,PAWG.095603a6-4192-4c70-8c13-9ad46934f9ee.bam.bai
					ANALYSIS_IDS: a283be7d-6e12-43b7-b51f-9c9294661d0d

	SAMPLE WORKLFOW ACTION OVERVIEW
		LANES SPECIFIED FOR SAMPLE: 0
		BAMS FOUND: 
		CONTAINS ALIGNMENT!
		NOT PREVIOUSLY SCHEDULED OR RUN FORCED!
		LANE COUNT MATCHES OR IGNORED OR RUN FORCED: 1 0 
		CONCLUSION: WILL NOT SCHEDULE THIS SAMPLE FOR ALIGNMENT!

	SAMPLE OVERVIEW
	SPECIMEN/SAMPLE: 1dec9be0-aaea-4cd9-ae2e-7cad47e112e0
		ALIGNMENT: HS37D5
			ANALYZED SAMPLE/ALIQUOT: 0822164c-236b-48a7-a50a-2c3fd45c3e36
				LIBRARY: IWG_THNSCG.CV-7090-10AN_1pA
					BAMS: PAWG.f9642393-8019-49a3-9a13-0e31d51fa4bd.bam.bai,PAWG.f9642393-8019-49a3-9a13-0e31d51fa4bd.bam
					ANALYSIS_IDS: 78063585-c356-45cd-a5a8-8a2d8e970d49

	SAMPLE WORKLFOW ACTION OVERVIEW
		LANES SPECIFIED FOR SAMPLE: 0
		BAMS FOUND: 
		CONTAINS ALIGNMENT!
		NOT PREVIOUSLY SCHEDULED OR RUN FORCED!
		LANE COUNT MATCHES OR IGNORED OR RUN FORCED: 1 0 
		CONCLUSION: WILL NOT SCHEDULE THIS SAMPLE FOR ALIGNMENT!

DONOR/PARTICIPANT: 028e99e9-5b9a-4954-bb6e-6d4709a3cea8

	SAMPLE OVERVIEW
	SPECIMEN/SAMPLE: e8e0e53a-4009-4141-ba6f-eed35fcaad7b
		ALIGNMENT: HS37D5
			ANALYZED SAMPLE/ALIQUOT: 2d60408f-5a74-4cd1-a27e-168d1d3379e6
				LIBRARY: Sage-126275
					BAMS: PAWG.3fa326fb-473e-49c6-888a-8774c1beed5d.bam.bai,PAWG.3fa326fb-473e-49c6-888a-8774c1beed5d.bam
					ANALYSIS_IDS: 94108ffe-09cd-4604-b451-fcd6fd353220

	SAMPLE WORKLFOW ACTION OVERVIEW
		LANES SPECIFIED FOR SAMPLE: 0
		BAMS FOUND: 
		CONTAINS ALIGNMENT!
		NOT PREVIOUSLY SCHEDULED OR RUN FORCED!
		LANE COUNT MATCHES OR IGNORED OR RUN FORCED: 1 0 
		CONCLUSION: WILL NOT SCHEDULE THIS SAMPLE FOR ALIGNMENT!

	SAMPLE OVERVIEW
	SPECIMEN/SAMPLE: 9622c370-68d0-48da-a7e0-5eb4765b6f27
		ALIGNMENT: HS37D5
			ANALYZED SAMPLE/ALIQUOT: 5a7f3c88-ef02-4e97-8009-5622245b6a09
				LIBRARY: Sage-126283
					BAMS: PAWG.ab10ec7f-7dca-4615-b5d8-8cc82ae24546.bam.bai,PAWG.ab10ec7f-7dca-4615-b5d8-8cc82ae24546.bam
					ANALYSIS_IDS: 0339468f-febe-4297-9758-fedcc4c63758

	SAMPLE WORKLFOW ACTION OVERVIEW
		LANES SPECIFIED FOR SAMPLE: 0
		BAMS FOUND: 
		CONTAINS ALIGNMENT!
		NOT PREVIOUSLY SCHEDULED OR RUN FORCED!
		LANE COUNT MATCHES OR IGNORED OR RUN FORCED: 1 0 
		CONCLUSION: WILL NOT SCHEDULE THIS SAMPLE FOR ALIGNMENT!

DONOR/PARTICIPANT: 14c65927-b9dd-4ef6-9917-db7bc431ff2f

	SAMPLE OVERVIEW
	SPECIMEN/SAMPLE: 59b0b757-7d08-4b3e-9974-fd02747d3665
		ALIGNMENT: HS37D5
			ANALYZED SAMPLE/ALIQUOT: 945e6808-2887-4f32-ac32-8f9e00353bf6
				LIBRARY: 2893694013
					BAMS: PAWG.abd8a814-8c7d-4b4a-b4a7-38394a36ac30.bam.bai,PAWG.abd8a814-8c7d-4b4a-b4a7-38394a36ac30.bam
					ANALYSIS_IDS: 85f955b9-039f-4cb5-b7ba-377132f0afd5

	SAMPLE WORKLFOW ACTION OVERVIEW
		LANES SPECIFIED FOR SAMPLE: 0
		BAMS FOUND: 
		CONTAINS ALIGNMENT!
		NOT PREVIOUSLY SCHEDULED OR RUN FORCED!
		LANE COUNT MATCHES OR IGNORED OR RUN FORCED: 1 0 
		CONCLUSION: WILL NOT SCHEDULE THIS SAMPLE FOR ALIGNMENT!

	SAMPLE OVERVIEW
	SPECIMEN/SAMPLE: cea46e75-27f2-4349-a4a2-9460cc7eb4d7
		ALIGNMENT: HS37D5
			ANALYZED SAMPLE/ALIQUOT: 463d50b1-583c-4531-92de-5df50d8881bf
				LIBRARY: 2893591900
					BAMS: PAWG.ba8bb154-ef77-4383-99b5-0abc5034aaeb.bam.bai,PAWG.ba8bb154-ef77-4383-99b5-0abc5034aaeb.bam
					ANALYSIS_IDS: 518a74c5-65be-460a-9204-15cb6abc3c71

	SAMPLE WORKLFOW ACTION OVERVIEW
		LANES SPECIFIED FOR SAMPLE: 0
		BAMS FOUND: 
		CONTAINS ALIGNMENT!
		NOT PREVIOUSLY SCHEDULED OR RUN FORCED!
		LANE COUNT MATCHES OR IGNORED OR RUN FORCED: 1 0 
		CONCLUSION: WILL NOT SCHEDULE THIS SAMPLE FOR ALIGNMENT!

DONOR/PARTICIPANT: 0809ba8b-4ab6-4f43-934c-c1ccbc014a7e

	SAMPLE OVERVIEW
	SPECIMEN/SAMPLE: 8ac65e67-e498-4771-b362-a76c57bb5895
		ALIGNMENT: HS37D5
			ANALYZED SAMPLE/ALIQUOT: 607f3f40-63e5-4182-b77b-2a2b11991004
				LIBRARY: 2893678455
					BAMS: PAWG.3b2c5881-e2a9-4ae9-9abd-bafec7c045f1.bam,PAWG.3b2c5881-e2a9-4ae9-9abd-bafec7c045f1.bam.bai
					ANALYSIS_IDS: 6fb7436b-44be-4cf7-829d-7af4b4fb4e89

	SAMPLE WORKLFOW ACTION OVERVIEW
		LANES SPECIFIED FOR SAMPLE: 0
		BAMS FOUND: 
		CONTAINS ALIGNMENT!
		NOT PREVIOUSLY SCHEDULED OR RUN FORCED!
		LANE COUNT MATCHES OR IGNORED OR RUN FORCED: 1 0 
		CONCLUSION: WILL NOT SCHEDULE THIS SAMPLE FOR ALIGNMENT!

	SAMPLE OVERVIEW
	SPECIMEN/SAMPLE: 5f613800-55df-497f-a544-5b12cb9446ce
		ALIGNMENT: HS37D5
			ANALYZED SAMPLE/ALIQUOT: b3b3a27c-ee9a-42af-a6d1-9af5970a98b9
				LIBRARY: 2893678693
					BAMS: PAWG.0b2484f8-2bc8-474b-830a-42c68c78c881.bam,PAWG.0b2484f8-2bc8-474b-830a-42c68c78c881.bam.bai
					ANALYSIS_IDS: e9b558b2-29e2-42d1-afa3-b522b0a8d8d1

	SAMPLE WORKLFOW ACTION OVERVIEW
		LANES SPECIFIED FOR SAMPLE: 0
		BAMS FOUND: 
		CONTAINS ALIGNMENT!
		NOT PREVIOUSLY SCHEDULED OR RUN FORCED!
		LANE COUNT MATCHES OR IGNORED OR RUN FORCED: 1 0 
		CONCLUSION: WILL NOT SCHEDULE THIS SAMPLE FOR ALIGNMENT!

DONOR/PARTICIPANT: 01ad975d-c2ed-4e4d-bd3b-c9512fc9073c

	SAMPLE OVERVIEW
	SPECIMEN/SAMPLE: 1e373c9c-ddb0-4c77-87af-468ee586f998
		ALIGNMENT: HS37D5
			ANALYZED SAMPLE/ALIQUOT: d432e99a-67fb-4609-b90f-99438eee7cae
				LIBRARY: Solexa-173199
					BAMS: PAWG.bf057243-6550-4e80-9b23-53bd147cb7ee.bam,PAWG.bf057243-6550-4e80-9b23-53bd147cb7ee.bam.bai
					ANALYSIS_IDS: cce8d2c2-a6dc-4ee9-ba97-768f058abb50

	SAMPLE WORKLFOW ACTION OVERVIEW
		LANES SPECIFIED FOR SAMPLE: 0
		BAMS FOUND: 
		CONTAINS ALIGNMENT!
		NOT PREVIOUSLY SCHEDULED OR RUN FORCED!
		LANE COUNT MATCHES OR IGNORED OR RUN FORCED: 1 0 
		CONCLUSION: WILL NOT SCHEDULE THIS SAMPLE FOR ALIGNMENT!

	SAMPLE OVERVIEW
	SPECIMEN/SAMPLE: 346ba3e2-73e0-4acc-961e-13d258a286da
		ALIGNMENT: HS37D5
			ANALYZED SAMPLE/ALIQUOT: 33941005-40a5-45da-a497-bd3fcfbbec30
				LIBRARY: Solexa-174062
					BAMS: PAWG.af9d74d7-e130-4421-acd8-381e7dd562a7.bam.bai,PAWG.af9d74d7-e130-4421-acd8-381e7dd562a7.bam
					ANALYSIS_IDS: 5b8cc4e8-987d-4d1f-86f4-484054d4bc4d

	SAMPLE WORKLFOW ACTION OVERVIEW
		LANES SPECIFIED FOR SAMPLE: 0
		BAMS FOUND: 
		CONTAINS ALIGNMENT!
		NOT PREVIOUSLY SCHEDULED OR RUN FORCED!
		LANE COUNT MATCHES OR IGNORED OR RUN FORCED: 1 0 
		CONCLUSION: WILL NOT SCHEDULE THIS SAMPLE FOR ALIGNMENT!

DONOR/PARTICIPANT: 082ca353-a5ae-421f-ae58-098257a1425f

	SAMPLE OVERVIEW
	SPECIMEN/SAMPLE: edce86c4-62ed-4744-a50b-97acb4eee60c
		ALIGNMENT: HS37D5
			ANALYZED SAMPLE/ALIQUOT: 14026827-734d-42a2-8803-03f598fe541e
				LIBRARY: 2813974111
					BAMS: PAWG.6dea4731-e448-4200-917e-c9c4a6ed4c2d.bam.bai,PAWG.6dea4731-e448-4200-917e-c9c4a6ed4c2d.bam
					ANALYSIS_IDS: ceeb25ac-57bc-435f-bbf8-3d96a303a4bf

	SAMPLE WORKLFOW ACTION OVERVIEW
		LANES SPECIFIED FOR SAMPLE: 0
		BAMS FOUND: 
		CONTAINS ALIGNMENT!
		NOT PREVIOUSLY SCHEDULED OR RUN FORCED!
		LANE COUNT MATCHES OR IGNORED OR RUN FORCED: 1 0 
		CONCLUSION: WILL NOT SCHEDULE THIS SAMPLE FOR ALIGNMENT!

	SAMPLE OVERVIEW
	SPECIMEN/SAMPLE: 69c09921-b570-489a-95b4-6cd733e89a05
		ALIGNMENT: HS37D5
			ANALYZED SAMPLE/ALIQUOT: 707d05c9-0df6-4ed0-91a2-5cb30b3b42b8
				LIBRARY: 2813969100
					BAMS: PAWG.32cf84b7-c604-4c08-83b1-4914a07bb984.bam.bai,PAWG.32cf84b7-c604-4c08-83b1-4914a07bb984.bam
					ANALYSIS_IDS: 73a5b830-bf11-4737-ace4-074685e5adb8

	SAMPLE WORKLFOW ACTION OVERVIEW
		LANES SPECIFIED FOR SAMPLE: 0
		BAMS FOUND: 
		CONTAINS ALIGNMENT!
		NOT PREVIOUSLY SCHEDULED OR RUN FORCED!
		LANE COUNT MATCHES OR IGNORED OR RUN FORCED: 1 0 
		CONCLUSION: WILL NOT SCHEDULE THIS SAMPLE FOR ALIGNMENT!

DONOR/PARTICIPANT: 11fb5853-8eeb-4ad8-825d-3eaaf3fa08d6

	SAMPLE OVERVIEW
	SPECIMEN/SAMPLE: aeef0836-305c-465c-a9ca-6c1825353ae7
		ALIGNMENT: HS37D5
			ANALYZED SAMPLE/ALIQUOT: e1fc4226-40ce-43b7-b92e-aa7cecd0cf4d
				LIBRARY: Solexa-162990
					BAMS: PAWG.3b8eb3f9-0ebb-4da8-bb18-7d1bf75ce527.bam.bai,PAWG.3b8eb3f9-0ebb-4da8-bb18-7d1bf75ce527.bam
					ANALYSIS_IDS: 5527ef65-2d97-4447-9d10-5c4929a347d3

	SAMPLE WORKLFOW ACTION OVERVIEW
		LANES SPECIFIED FOR SAMPLE: 0
		BAMS FOUND: 
		CONTAINS ALIGNMENT!
		NOT PREVIOUSLY SCHEDULED OR RUN FORCED!
		LANE COUNT MATCHES OR IGNORED OR RUN FORCED: 1 0 
		CONCLUSION: WILL NOT SCHEDULE THIS SAMPLE FOR ALIGNMENT!

	SAMPLE OVERVIEW
	SPECIMEN/SAMPLE: bc487eb7-6a06-467b-9d26-de09895879d8
		ALIGNMENT: HS37D5
			ANALYZED SAMPLE/ALIQUOT: 263e1015-1061-4ad2-8f7e-ed430d2d9e80
				LIBRARY: Solexa-162599
					BAMS: PAWG.34f66158-f8af-4de3-b55a-cc44d8ebd143.bam.bai,PAWG.34f66158-f8af-4de3-b55a-cc44d8ebd143.bam
					ANALYSIS_IDS: 67cc723d-8e2b-4ad3-9f6e-b59a387cfaa9

	SAMPLE WORKLFOW ACTION OVERVIEW
		LANES SPECIFIED FOR SAMPLE: 0
		BAMS FOUND: 
		CONTAINS ALIGNMENT!
		NOT PREVIOUSLY SCHEDULED OR RUN FORCED!
		LANE COUNT MATCHES OR IGNORED OR RUN FORCED: 1 0 
		CONCLUSION: WILL NOT SCHEDULE THIS SAMPLE FOR ALIGNMENT!

DONOR/PARTICIPANT: 0cb0dac8-4ce2-444a-b1ae-1550e065b4d9

	SAMPLE OVERVIEW
	SPECIMEN/SAMPLE: 398a605c-0a45-4757-bc28-996816990576
		ALIGNMENT: HS37D5
			ANALYZED SAMPLE/ALIQUOT: d795461b-8118-40c1-a03c-93c80a17cd41
				LIBRARY: IWG_IND-TCOL.AA-A01V-11A-N_2pA
					BAMS: PAWG.b53f2539-d20a-4549-b061-fcf3a35be49f.bam,PAWG.b53f2539-d20a-4549-b061-fcf3a35be49f.bam.bai
					ANALYSIS_IDS: 78818860-3b72-4a3f-8467-44f0803abe65

	SAMPLE WORKLFOW ACTION OVERVIEW
		LANES SPECIFIED FOR SAMPLE: 0
		BAMS FOUND: 
		CONTAINS ALIGNMENT!
		NOT PREVIOUSLY SCHEDULED OR RUN FORCED!
		LANE COUNT MATCHES OR IGNORED OR RUN FORCED: 1 0 
		CONCLUSION: WILL NOT SCHEDULE THIS SAMPLE FOR ALIGNMENT!

	SAMPLE OVERVIEW
	SPECIMEN/SAMPLE: 8816f14d-9fbb-4033-9ca4-6ca0db66161a
		ALIGNMENT: HS37D5
			ANALYZED SAMPLE/ALIQUOT: 31f02f48-44a4-445e-ac3d-e9bf3d8d25a2
				LIBRARY: IWG_IND-TCOL.AA-A01V-01A-T_2pA
					BAMS: PAWG.6cd64542-56ff-444e-9b5a-29efc28fb5af.bam,PAWG.6cd64542-56ff-444e-9b5a-29efc28fb5af.bam.bai
					ANALYSIS_IDS: c6c50797-9ad3-42b9-a7e8-1dae6c5e68c7

	SAMPLE WORKLFOW ACTION OVERVIEW
		LANES SPECIFIED FOR SAMPLE: 0
		BAMS FOUND: 
		CONTAINS ALIGNMENT!
		NOT PREVIOUSLY SCHEDULED OR RUN FORCED!
		LANE COUNT MATCHES OR IGNORED OR RUN FORCED: 1 0 
		CONCLUSION: WILL NOT SCHEDULE THIS SAMPLE FOR ALIGNMENT!

DONOR/PARTICIPANT: 6a6c1569-1045-4ed3-acdb-5c45e47614ca

	SAMPLE OVERVIEW
	SPECIMEN/SAMPLE: cb7d8ec2-abd0-44be-8567-e23faf81c089
		ALIGNMENT: HS37D5
			ANALYZED SAMPLE/ALIQUOT: c023a62c-e498-4e1e-be91-99cf6d7b0708
				LIBRARY: IWG_TKIRP.B1-A47O-10A-N_1pA
					BAMS: PAWG.88dbf91d-db76-49b3-8037-96cc9edf152b.bam,PAWG.88dbf91d-db76-49b3-8037-96cc9edf152b.bam.bai
					ANALYSIS_IDS: c158ae4c-83ce-4bb6-a42a-21f40bf701b3

	SAMPLE WORKLFOW ACTION OVERVIEW
		LANES SPECIFIED FOR SAMPLE: 0
		BAMS FOUND: 
		CONTAINS ALIGNMENT!
		NOT PREVIOUSLY SCHEDULED OR RUN FORCED!
		LANE COUNT MATCHES OR IGNORED OR RUN FORCED: 1 0 
		CONCLUSION: WILL NOT SCHEDULE THIS SAMPLE FOR ALIGNMENT!

	SAMPLE OVERVIEW
	SPECIMEN/SAMPLE: ebade9fd-dce5-4ec9-a483-9f165823d9b6
		ALIGNMENT: HS37D5
			ANALYZED SAMPLE/ALIQUOT: ca2b9fe2-97e0-4d4f-afd7-a5acf638800f
				LIBRARY: IWG_TKIRP.B1-A47O-01A-T_1pA
					BAMS: PAWG.bdb8cbf8-a622-41cd-ace2-c7dfceb6ea0e.bam,PAWG.bdb8cbf8-a622-41cd-ace2-c7dfceb6ea0e.bam.bai
					ANALYSIS_IDS: 0e52a23f-ebc9-42cf-9d05-934a7b7af729

	SAMPLE WORKLFOW ACTION OVERVIEW
		LANES SPECIFIED FOR SAMPLE: 0
		BAMS FOUND: 
		CONTAINS ALIGNMENT!
		NOT PREVIOUSLY SCHEDULED OR RUN FORCED!
		LANE COUNT MATCHES OR IGNORED OR RUN FORCED: 1 0 
		CONCLUSION: WILL NOT SCHEDULE THIS SAMPLE FOR ALIGNMENT!

DONOR/PARTICIPANT: 1ab7ad70-0f80-41d8-8efa-3baebc8223cc

	SAMPLE OVERVIEW
	SPECIMEN/SAMPLE: 0bdbe623-cf95-465a-917d-87dfb6a8618e
		ALIGNMENT: HS37D5
			ANALYZED SAMPLE/ALIQUOT: dd09c7aa-744a-413d-839f-e75e1825f9f9
				LIBRARY: Solexa-70500
					BAMS: PAWG.cf583bf4-a5aa-4c7a-9962-1d20ffc42a98.bam.bai,PAWG.cf583bf4-a5aa-4c7a-9962-1d20ffc42a98.bam
					ANALYSIS_IDS: 2e3b9839-1228-4ed6-bd4b-7621e86513ed

	SAMPLE WORKLFOW ACTION OVERVIEW
		LANES SPECIFIED FOR SAMPLE: 0
		BAMS FOUND: 
		CONTAINS ALIGNMENT!
		NOT PREVIOUSLY SCHEDULED OR RUN FORCED!
		LANE COUNT MATCHES OR IGNORED OR RUN FORCED: 1 0 
		CONCLUSION: WILL NOT SCHEDULE THIS SAMPLE FOR ALIGNMENT!

	SAMPLE OVERVIEW
	SPECIMEN/SAMPLE: b98e2ddc-d065-4e90-b240-a0b37793245f
		ALIGNMENT: HS37D5
			ANALYZED SAMPLE/ALIQUOT: f4b8b2d5-acc7-4fd6-b852-c80fd79be99e
				LIBRARY: Sage-69655
					BAMS: PAWG.fb5bfc6c-2215-459d-8e51-520e3397b525.bam.bai,PAWG.fb5bfc6c-2215-459d-8e51-520e3397b525.bam
					ANALYSIS_IDS: 9cd4692c-786e-4354-8788-b766ce873fac

	SAMPLE WORKLFOW ACTION OVERVIEW
		LANES SPECIFIED FOR SAMPLE: 0
		BAMS FOUND: 
		CONTAINS ALIGNMENT!
		NOT PREVIOUSLY SCHEDULED OR RUN FORCED!
		LANE COUNT MATCHES OR IGNORED OR RUN FORCED: 1 0 
		CONCLUSION: WILL NOT SCHEDULE THIS SAMPLE FOR ALIGNMENT!

DONOR/PARTICIPANT: 10fbe481-f111-4f88-ae45-4d67cb265567

	SAMPLE OVERVIEW
	SPECIMEN/SAMPLE: 53cd52ba-57f8-4924-9143-9ce98ddb607e
		ALIGNMENT: HS37D5
			ANALYZED SAMPLE/ALIQUOT: c359bee4-8d3a-4855-a6b6-1e09aefd2b2e
				LIBRARY: Solexa-162989
					BAMS: PAWG.1d7f3a4b-3795-4ba5-a840-583767b7a96f.bam,PAWG.1d7f3a4b-3795-4ba5-a840-583767b7a96f.bam.bai
					ANALYSIS_IDS: 049fce8a-94f3-42af-82c2-40af97d9e491

	SAMPLE WORKLFOW ACTION OVERVIEW
		LANES SPECIFIED FOR SAMPLE: 0
		BAMS FOUND: 
		CONTAINS ALIGNMENT!
		NOT PREVIOUSLY SCHEDULED OR RUN FORCED!
		LANE COUNT MATCHES OR IGNORED OR RUN FORCED: 1 0 
		CONCLUSION: WILL NOT SCHEDULE THIS SAMPLE FOR ALIGNMENT!

	SAMPLE OVERVIEW
	SPECIMEN/SAMPLE: 190ef71a-5b5d-4009-b707-68f10147cb65
		ALIGNMENT: HS37D5
			ANALYZED SAMPLE/ALIQUOT: 7f1ca00a-84ba-4b26-a1a5-4d83c363ac69
				LIBRARY: Solexa-162626
					BAMS: PAWG.5c7b3dc8-f64b-4ca9-bd43-2245297450b4.bam.bai,PAWG.5c7b3dc8-f64b-4ca9-bd43-2245297450b4.bam
					ANALYSIS_IDS: 21ad2c18-b3ce-4fc6-9b98-0764f37cc5f1

	SAMPLE WORKLFOW ACTION OVERVIEW
		LANES SPECIFIED FOR SAMPLE: 0
		BAMS FOUND: 
		CONTAINS ALIGNMENT!
		NOT PREVIOUSLY SCHEDULED OR RUN FORCED!
		LANE COUNT MATCHES OR IGNORED OR RUN FORCED: 1 0 
		CONCLUSION: WILL NOT SCHEDULE THIS SAMPLE FOR ALIGNMENT!

