SAMPLE SCHEDULING INFORMATION

DONOR/PARTICIPANT: fb66b7f5-22ca-4d4d-97c2-30e6edfff781

	SAMPLE OVERVIEW
	SPECIMEN/SAMPLE: eede6958-96a5-433d-8823-503b58559ed4
		ALIGNMENT: unaligned
			ANALYZED SAMPLE/ALIQUOT: 0f6b355e-3898-4be6-be97-da0c3840a4ed
				LIBRARY: WGS:WUGSC:H_MJ-C5-A2LT-01A-11D-A18J-09-lg1-lib1g
					BAMS: 50a5e434-881a-4377-9210-0f614ca8dfbb_2893703529.cleaned.bam,50a5e434-881a-4377-9210-0f614ca8dfbb_2893703531.cleaned.bam
					ANALYSIS_IDS: 3014432a-2bfb-11e4-8b56-6fbfd3b96dac,30267bb2-2bfb-11e4-8b56-6fbfd3b96dac

				LIBRARY: WGS:WUGSC:H_MJ-C5-A2LT-01A-11D-A18J-09-lg1-lib1i
					BAMS: 50a5e434-881a-4377-9210-0f614ca8dfbb_2893703528.cleaned.bam
					ANALYSIS_IDS: 30045528-2bfb-11e4-8b56-6fbfd3b96dac

				LIBRARY: WGS:WUGSC:H_MJ-C5-A2LT-01A-11D-A18J-09-lg1-lib1h
					BAMS: 50a5e434-881a-4377-9210-0f614ca8dfbb_2893703646.cleaned.bam,50a5e434-881a-4377-9210-0f614ca8dfbb_2893703523.cleaned.bam
					ANALYSIS_IDS: 303e92e2-2bfb-11e4-8b56-6fbfd3b96dac,2ff480ee-2bfb-11e4-8b56-6fbfd3b96dac

		ALIGNMENT: GRCh37
			ANALYZED SAMPLE/ALIQUOT: 0f6b355e-3898-4be6-be97-da0c3840a4ed
				LIBRARY: WGS:WUGSC:H_MJ-C5-A2LT-01A-11D-A18J-09-lg1-lib1h
					BAMS: 9f934acf85bb6e5b3def909df1a1d466.bam,fcdc927fc102d5cd2a0c48358a760e52.bam.bai,fcdc927fc102d5cd2a0c48358a760e52.bam,9f934acf85bb6e5b3def909df1a1d466.bam.bai
					ANALYSIS_IDS: ba05dce2-8ece-4c45-9435-0d4d009416e3,7a718555-ba78-4092-82e7-d72d0ee8a2f5

	SAMPLE WORKLFOW ACTION OVERVIEW
		LANES SPECIFIED FOR SAMPLE: 5
		BAMS FOUND: 5
		CONTAINS ALIGNMENT!
		NOT PREVIOUSLY SCHEDULED OR RUN FORCED!
		LANE COUNT MATCHES OR IGNORED OR RUN FORCED: 1 5 5
		CONCLUSION: WILL NOT SCHEDULE THIS SAMPLE FOR ALIGNMENT!

	SAMPLE OVERVIEW
	SPECIMEN/SAMPLE: 947484cd-30e0-4941-8f84-ddf8eb70e3b0
		ALIGNMENT: GRCh37
			ANALYZED SAMPLE/ALIQUOT: aff606ff-0c62-4adf-b137-275bf4aafa5a
				LIBRARY: WGS:WUGSC:H_MJ-C5-A2LT-10A-01D-A18J-09-lg1-lib1e
					BAMS: 96939d7156efa299231701d7e3d29b0f.bam,96939d7156efa299231701d7e3d29b0f.bam.bai,23a0b899428db82d68c51183042367f1.bam.bai,23a0b899428db82d68c51183042367f1.bam
					ANALYSIS_IDS: f3b792bb-f34a-40e8-a515-cfb9b2f26248,229ed0c3-32fb-4f0c-b682-350383cd6c82

		ALIGNMENT: unaligned
			ANALYZED SAMPLE/ALIQUOT: aff606ff-0c62-4adf-b137-275bf4aafa5a
				LIBRARY: WGS:WUGSC:H_MJ-C5-A2LT-10A-01D-A18J-09-lg1-lib1c
					BAMS: 4fba127f-f12b-4301-b62a-8a75296ee2a5_2893703522.cleaned.bam
					ANALYSIS_IDS: 2fd481b8-2bfb-11e4-8b56-6fbfd3b96dac

				LIBRARY: WGS:WUGSC:H_MJ-C5-A2LT-10A-01D-A18J-09-lg1-lib1e
					BAMS: 4fba127f-f12b-4301-b62a-8a75296ee2a5_2893703508.cleaned.bam
					ANALYSIS_IDS: 2fc2f218-2bfb-11e4-8b56-6fbfd3b96dac

				LIBRARY: WGS:WUGSC:H_MJ-C5-A2LT-10A-01D-A18J-09-lg1-lib1d
					BAMS: 4fba127f-f12b-4301-b62a-8a75296ee2a5_2893703580.cleaned.bam
					ANALYSIS_IDS: 2fe4805e-2bfb-11e4-8b56-6fbfd3b96dac

	SAMPLE WORKLFOW ACTION OVERVIEW
		LANES SPECIFIED FOR SAMPLE: 3
		BAMS FOUND: 3
		CONTAINS ALIGNMENT!
		NOT PREVIOUSLY SCHEDULED OR RUN FORCED!
		LANE COUNT MATCHES OR IGNORED OR RUN FORCED: 1 3 3
		CONCLUSION: WILL NOT SCHEDULE THIS SAMPLE FOR ALIGNMENT!

DONOR/PARTICIPANT: e17a6048-7a72-42c0-ad3f-97cbff02bc9f

	SAMPLE OVERVIEW
	SPECIMEN/SAMPLE: 2e71f2fc-5dbc-4d21-935b-c1a0e9294f5f
		ALIGNMENT: GRCh37
			ANALYZED SAMPLE/ALIQUOT: 99337ac4-6bcf-4258-81aa-23c5f807ac5f
				LIBRARY: WGS:BI:Sage-127251
					BAMS: 0042b88aeec47ad4347e749e023e352d.bam.bai,a091993af2b03d5e2aadd3c2197893d2.bam,a091993af2b03d5e2aadd3c2197893d2.bam.bai,0042b88aeec47ad4347e749e023e352d.bam
					ANALYSIS_IDS: bff280ab-5158-43d2-918b-38ac024b8800,3bbe1920-e406-438c-8902-0cf419348d28

		ALIGNMENT: unaligned
			ANALYZED SAMPLE/ALIQUOT: 99337ac4-6bcf-4258-81aa-23c5f807ac5f
				LIBRARY: WGS:BI:Sage-127251
					BAMS: 112d3850-3998-4b64-9be8-1fa5ef4f6699_D1ELE.5.cleaned.bam
					ANALYSIS_IDS: 3cf3516c-296c-11e4-9842-8cb4d3b96dac

				LIBRARY: WGS:BI:Sage-127199
					BAMS: 112d3850-3998-4b64-9be8-1fa5ef4f6699_C19W4.4.cleaned.bam,112d3850-3998-4b64-9be8-1fa5ef4f6699_C19W4.3.cleaned.bam
					ANALYSIS_IDS: 3ce0a788-296c-11e4-9842-8cb4d3b96dac,3cc96e60-296c-11e4-9842-8cb4d3b96dac

	SAMPLE WORKLFOW ACTION OVERVIEW
		LANES SPECIFIED FOR SAMPLE: 3
		BAMS FOUND: 3
		CONTAINS ALIGNMENT!
		NOT PREVIOUSLY SCHEDULED OR RUN FORCED!
		LANE COUNT MATCHES OR IGNORED OR RUN FORCED: 1 3 3
		CONCLUSION: WILL NOT SCHEDULE THIS SAMPLE FOR ALIGNMENT!

	SAMPLE OVERVIEW
	SPECIMEN/SAMPLE: b89a4d5d-ee24-4052-b454-b67169328737
		ALIGNMENT: unaligned
			ANALYZED SAMPLE/ALIQUOT: 56ffaa35-814c-4c0b-b3c6-d4514d34fec2
				LIBRARY: WGS:BI:Sage-127203
					BAMS: e5ed8877-e214-4eee-a7be-f8987f4dda91_C1A1H.2.cleaned.bam
					ANALYSIS_IDS: 3d068eee-296c-11e4-9842-8cb4d3b96dac

				LIBRARY: WGS:BI:Sage-127255
					BAMS: e5ed8877-e214-4eee-a7be-f8987f4dda91_C1A7N.2.cleaned.bam,e5ed8877-e214-4eee-a7be-f8987f4dda91_C1A7N.1.cleaned.bam
					ANALYSIS_IDS: 3d19c7ac-296c-11e4-9842-8cb4d3b96dac,3d3034ce-296c-11e4-9842-8cb4d3b96dac

	SAMPLE WORKLFOW ACTION OVERVIEW
		LANES SPECIFIED FOR SAMPLE: 3
		BAMS FOUND: 3
		ONLY UNALIGNED OR RUN FORCED!
		NOT PREVIOUSLY SCHEDULED OR RUN FORCED!
		LANE COUNT MATCHES OR IGNORED OR RUN FORCED: 1 3 3
		CONCLUSION: SCHEDULING WORKFLOW FOR THIS SAMPLE!

	NOT LAUNCHING WORKFLOW BECAUSE --test SPECIFIED: gtrepo-osdc-tcga/701585588351922/workflow.ini
		LAUNCH CMD WOULD HAVE BEEN: SEQWARE_SETTINGS=gtrepo-osdc-tcga/701585588351922/settings /usr/local/bin/seqware workflow schedule --accession 0 --host unknown --ini gtrepo-osdc-tcga/701585588351922/workflow.ini

DONOR/PARTICIPANT: 8bd68696-5eeb-46d7-9dc6-c39c849029a4

	SAMPLE OVERVIEW
	SPECIMEN/SAMPLE: c385c7fc-0e3e-4fc8-87c1-6db442e5606f
		ALIGNMENT: unaligned
			ANALYZED SAMPLE/ALIQUOT: fe04d042-a4cc-4a14-8197-415ea40951aa
				LIBRARY: WGS:WUGSC:H_LS-A8-A08L-01A-11D-A19H-09-lib2
					BAMS: bd595e18-dd12-432c-b72a-0bb9788a0817_2887662534.cleaned.bam,bd595e18-dd12-432c-b72a-0bb9788a0817_2887662596.cleaned.bam
					ANALYSIS_IDS: 9188892c-2647-11e4-beb0-0ad1d3b96dac,919c6992-2647-11e4-beb0-0ad1d3b96dac

				LIBRARY: WGS:WUGSC:H_LS-A8-A08L-01A-11D-A19H-09-lib1
					BAMS: bd595e18-dd12-432c-b72a-0bb9788a0817_2887659979.cleaned.bam,bd595e18-dd12-432c-b72a-0bb9788a0817_2887659978.cleaned.bam,bd595e18-dd12-432c-b72a-0bb9788a0817_2887662465.cleaned.bam
					ANALYSIS_IDS: 91615da2-2647-11e4-beb0-0ad1d3b96dac,917475b8-2647-11e4-beb0-0ad1d3b96dac,914f1d54-2647-11e4-beb0-0ad1d3b96dac

	SAMPLE WORKLFOW ACTION OVERVIEW
		LANES SPECIFIED FOR SAMPLE: 5
		BAMS FOUND: 5
		ONLY UNALIGNED OR RUN FORCED!
		NOT PREVIOUSLY SCHEDULED OR RUN FORCED!
		LANE COUNT MATCHES OR IGNORED OR RUN FORCED: 1 5 5
		CONCLUSION: SCHEDULING WORKFLOW FOR THIS SAMPLE!

	NOT LAUNCHING WORKFLOW BECAUSE --test SPECIFIED: gtrepo-osdc-tcga/84561575352879/workflow.ini
		LAUNCH CMD WOULD HAVE BEEN: SEQWARE_SETTINGS=gtrepo-osdc-tcga/84561575352879/settings /usr/local/bin/seqware workflow schedule --accession 0 --host unknown --ini gtrepo-osdc-tcga/84561575352879/workflow.ini

	SAMPLE OVERVIEW
	SPECIMEN/SAMPLE: 501a3e64-231d-4977-8d75-5a554eadb583
		ALIGNMENT: unaligned
			ANALYZED SAMPLE/ALIQUOT: 98051587-e722-4fbb-aaf6-2b310f555ed0
				LIBRARY: WGS:WUGSC:H_LS-A8-A08L-10A-01D-A19H-09-lib2
					BAMS: c551843b-2222-497b-bb53-5a9142539367_2887649648.cleaned.bam
					ANALYSIS_IDS: 90ffba84-2647-11e4-beb0-0ad1d3b96dac

				LIBRARY: WGS:WUGSC:H_LS-A8-A08L-10A-01D-A19H-09-lib1
					BAMS: c551843b-2222-497b-bb53-5a9142539367_2887659469.cleaned.bam,c551843b-2222-497b-bb53-5a9142539367_2887659422.cleaned.bam,c551843b-2222-497b-bb53-5a9142539367_2887702604.cleaned.bam
					ANALYSIS_IDS: 913c42ce-2647-11e4-beb0-0ad1d3b96dac,91162760-2647-11e4-beb0-0ad1d3b96dac,91292072-2647-11e4-beb0-0ad1d3b96dac

	SAMPLE WORKLFOW ACTION OVERVIEW
		LANES SPECIFIED FOR SAMPLE: 4
		BAMS FOUND: 4
		ONLY UNALIGNED OR RUN FORCED!
		NOT PREVIOUSLY SCHEDULED OR RUN FORCED!
		LANE COUNT MATCHES OR IGNORED OR RUN FORCED: 1 4 4
		CONCLUSION: SCHEDULING WORKFLOW FOR THIS SAMPLE!

	NOT LAUNCHING WORKFLOW BECAUSE --test SPECIFIED: gtrepo-osdc-tcga/929994483982352/workflow.ini
		LAUNCH CMD WOULD HAVE BEEN: SEQWARE_SETTINGS=gtrepo-osdc-tcga/929994483982352/settings /usr/local/bin/seqware workflow schedule --accession 0 --host unknown --ini gtrepo-osdc-tcga/929994483982352/workflow.ini

DONOR/PARTICIPANT: ccd4a24b-d8cc-4686-9dee-c98b0c5a8d21

	SAMPLE OVERVIEW
	SPECIMEN/SAMPLE: e4dee88b-58d0-4953-ad4a-a2df876f3c95
		ALIGNMENT: unaligned
			ANALYZED SAMPLE/ALIQUOT: a85cf239-ff51-46e7-9b88-4c2cb49c66b9
				LIBRARY: WGS:WUGSC:H_LS-A2-A04P-01A-31D-A128-09-lib1
					BAMS: e9558238-abeb-45c3-9ca4-15b43d0ed6e2_2871861178.cleaned.bam,e9558238-abeb-45c3-9ca4-15b43d0ed6e2_2871745351.cleaned.bam,e9558238-abeb-45c3-9ca4-15b43d0ed6e2_2871736944.cleaned.bam,e9558238-abeb-45c3-9ca4-15b43d0ed6e2_2871744889.cleaned.bam
					ANALYSIS_IDS: 9f84b600-2934-11e4-8f75-8899d3b96dac,9f530bbe-2934-11e4-8f75-8899d3b96dac,a05cf42a-2934-11e4-8f75-8899d3b96dac,9efad750-2934-11e4-8f75-8899d3b96dac

				LIBRARY: WGS:WUGSC:H_LS-A2-A04P-01A-31D-A128-09-lib4
					BAMS: e9558238-abeb-45c3-9ca4-15b43d0ed6e2_2871749844.cleaned.bam,e9558238-abeb-45c3-9ca4-15b43d0ed6e2_2871737121.cleaned.bam,e9558238-abeb-45c3-9ca4-15b43d0ed6e2_2871748076.cleaned.bam,e9558238-abeb-45c3-9ca4-15b43d0ed6e2_2871736745.cleaned.bam
					ANALYSIS_IDS: 9ed278c8-2934-11e4-8f75-8899d3b96dac,9f26c59a-2934-11e4-8f75-8899d3b96dac,9ffdcd74-2934-11e4-8f75-8899d3b96dac,9fb72b30-2934-11e4-8f75-8899d3b96dac

		ALIGNMENT: GRCh37
			ANALYZED SAMPLE/ALIQUOT: a85cf239-ff51-46e7-9b88-4c2cb49c66b9
				LIBRARY: WGS:WUGSC:H_LS-A2-A04P-01A-31D-A128-09-lib4
					BAMS: 24bb1ebdf70c40db0d4038a7ac37e831.bam,a58a7f422db204965f146d164c686589.bam.bai,24bb1ebdf70c40db0d4038a7ac37e831.bam.bai,a58a7f422db204965f146d164c686589.bam
					ANALYSIS_IDS: 5ecaefd3-9d1c-4b2d-a291-757b28813cb1,2d7f9feb-2c2b-48d4-b790-563ff8bdb4b5

	SAMPLE WORKLFOW ACTION OVERVIEW
		LANES SPECIFIED FOR SAMPLE: 8
		BAMS FOUND: 8
		CONTAINS ALIGNMENT!
		NOT PREVIOUSLY SCHEDULED OR RUN FORCED!
		LANE COUNT MATCHES OR IGNORED OR RUN FORCED: 1 8 8
		CONCLUSION: WILL NOT SCHEDULE THIS SAMPLE FOR ALIGNMENT!

	SAMPLE OVERVIEW
	SPECIMEN/SAMPLE: c8a2b99e-2188-43e4-a7cb-3dd57d4e7662
		ALIGNMENT: unaligned
			ANALYZED SAMPLE/ALIQUOT: 07f6c203-d1cf-4c40-b181-b717d327dade
				LIBRARY: WGS:WUGSC:H_LS-A2-A04P-10A-01D-A128-09-lib1
					BAMS: 3c565cf9-03ab-4113-a717-92fbf7af4260_2873716465.cleaned.bam,3c565cf9-03ab-4113-a717-92fbf7af4260_2873690456.cleaned.bam,3c565cf9-03ab-4113-a717-92fbf7af4260_2873689098.cleaned.bam,3c565cf9-03ab-4113-a717-92fbf7af4260_2873689995.cleaned.bam
					ANALYSIS_IDS: a0f2b334-2934-11e4-8f75-8899d3b96dac,a0752284-2934-11e4-8f75-8899d3b96dac,a1289486-2934-11e4-8f75-8899d3b96dac,a0cdeed2-2934-11e4-8f75-8899d3b96dac

				LIBRARY: WGS:WUGSC:H_LS-A2-A04P-10A-01D-A128-09-lib4
					BAMS: 3c565cf9-03ab-4113-a717-92fbf7af4260_2873716095.cleaned.bam,3c565cf9-03ab-4113-a717-92fbf7af4260_2873719985.cleaned.bam,3c565cf9-03ab-4113-a717-92fbf7af4260_2873689642.cleaned.bam,3c565cf9-03ab-4113-a717-92fbf7af4260_2873689729.cleaned.bam
					ANALYSIS_IDS: a0a9405a-2934-11e4-8f75-8899d3b96dac,a08dccbc-2934-11e4-8f75-8899d3b96dac,a1a4887a-2934-11e4-8f75-8899d3b96dac,a10aa6b0-2934-11e4-8f75-8899d3b96dac

		ALIGNMENT: GRCh37
			ANALYZED SAMPLE/ALIQUOT: 07f6c203-d1cf-4c40-b181-b717d327dade
				LIBRARY: WGS:WUGSC:H_LS-A2-A04P-10A-01D-A128-09-lib1
					BAMS: 024c9eab65178b2b1a9c5da1383af425.bam,024c9eab65178b2b1a9c5da1383af425.bam.bai
					ANALYSIS_IDS: 6585bf42-b548-463f-8fc7-e6bbed453e4b

	SAMPLE WORKLFOW ACTION OVERVIEW
		LANES SPECIFIED FOR SAMPLE: 8
		BAMS FOUND: 8
		CONTAINS ALIGNMENT!
		NOT PREVIOUSLY SCHEDULED OR RUN FORCED!
		LANE COUNT MATCHES OR IGNORED OR RUN FORCED: 1 8 8
		CONCLUSION: WILL NOT SCHEDULE THIS SAMPLE FOR ALIGNMENT!

DONOR/PARTICIPANT: 8cf54607-01ce-42b0-9bd9-8627edd9f3b7

	SAMPLE OVERVIEW
	SPECIMEN/SAMPLE: 4d3b8ad8-94ce-49a7-a7af-f56ac17891f6
		ALIGNMENT: unaligned
			ANALYZED SAMPLE/ALIQUOT: d141e42e-aa3b-46ed-815f-3192b1959bf4
				LIBRARY: WGS:WUGSC:H_LS-C8-A130-10A-01D-A19H-09-lib1
					BAMS: 2f580b69-5432-466f-b403-02d306088600_2887551902.cleaned.bam,2f580b69-5432-466f-b403-02d306088600_2887551915.cleaned.bam
					ANALYSIS_IDS: 9cd34a42-293a-11e4-8dbc-4f9dd3b96dac,9c78608c-293a-11e4-8dbc-4f9dd3b96dac

				LIBRARY: WGS:WUGSC:H_LS-C8-A130-10A-01D-A19H-09-lib2
					BAMS: 2f580b69-5432-466f-b403-02d306088600_2887568450.cleaned.bam
					ANALYSIS_IDS: 9cf75c2a-293a-11e4-8dbc-4f9dd3b96dac

		ALIGNMENT: GRCh37
			ANALYZED SAMPLE/ALIQUOT: d141e42e-aa3b-46ed-815f-3192b1959bf4
				LIBRARY: WGS:WUGSC:H_LS-C8-A130-10A-01D-A19H-09-lib1
					BAMS: f9362eb4e7261338c0463240bde07a55.bam.bai,4d76d0ad645c88e157ec68b9e7526ca0.bam,f9362eb4e7261338c0463240bde07a55.bam,4d76d0ad645c88e157ec68b9e7526ca0.bam.bai
					ANALYSIS_IDS: 1d39a206-f899-455e-bab9-5e5189a4dd7e,ba2a29a5-de34-453f-a2ff-65020abbaff9

	SAMPLE WORKLFOW ACTION OVERVIEW
		LANES SPECIFIED FOR SAMPLE: 3
		BAMS FOUND: 3
		CONTAINS ALIGNMENT!
		NOT PREVIOUSLY SCHEDULED OR RUN FORCED!
		LANE COUNT MATCHES OR IGNORED OR RUN FORCED: 1 3 3
		CONCLUSION: WILL NOT SCHEDULE THIS SAMPLE FOR ALIGNMENT!

	SAMPLE OVERVIEW
	SPECIMEN/SAMPLE: 3bea8456-da16-4691-a260-5c94a83e2860
		ALIGNMENT: unaligned
			ANALYZED SAMPLE/ALIQUOT: 27f87d1e-2c32-4beb-9677-62f7a286673d
				LIBRARY: WGS:WUGSC:H_LS-C8-A130-01A-31D-A19H-09-lib2
					BAMS: 0a1fe8b4-3496-4319-b239-b8104cab499f_2887550935.cleaned.bam,0a1fe8b4-3496-4319-b239-b8104cab499f_2887550872.cleaned.bam
					ANALYSIS_IDS: 9d50a5c8-293a-11e4-8dbc-4f9dd3b96dac,9d21d6d0-293a-11e4-8dbc-4f9dd3b96dac

				LIBRARY: WGS:WUGSC:H_LS-C8-A130-01A-31D-A19H-09-lib1
					BAMS: 0a1fe8b4-3496-4319-b239-b8104cab499f_2887555923.cleaned.bam,0a1fe8b4-3496-4319-b239-b8104cab499f_2887555222.cleaned.bam,0a1fe8b4-3496-4319-b239-b8104cab499f_2887555924.cleaned.bam
					ANALYSIS_IDS: 9db0e212-293a-11e4-8dbc-4f9dd3b96dac,9e00dbbe-293a-11e4-8dbc-4f9dd3b96dac,9d7ac420-293a-11e4-8dbc-4f9dd3b96dac

	SAMPLE WORKLFOW ACTION OVERVIEW
		LANES SPECIFIED FOR SAMPLE: 5
		BAMS FOUND: 5
		ONLY UNALIGNED OR RUN FORCED!
		NOT PREVIOUSLY SCHEDULED OR RUN FORCED!
		LANE COUNT MATCHES OR IGNORED OR RUN FORCED: 1 5 5
		CONCLUSION: SCHEDULING WORKFLOW FOR THIS SAMPLE!

	NOT LAUNCHING WORKFLOW BECAUSE --test SPECIFIED: gtrepo-osdc-tcga/954994607573958/workflow.ini
		LAUNCH CMD WOULD HAVE BEEN: SEQWARE_SETTINGS=gtrepo-osdc-tcga/954994607573958/settings /usr/local/bin/seqware workflow schedule --accession 0 --host unknown --ini gtrepo-osdc-tcga/954994607573958/workflow.ini

DONOR/PARTICIPANT: eadf8482-e60e-4307-adb7-d5c3b9fa6cae

	SAMPLE OVERVIEW
	SPECIMEN/SAMPLE: 2c619641-7849-4837-ab92-0da80342b3e9
		ALIGNMENT: unaligned
			ANALYZED SAMPLE/ALIQUOT: 6e839eaf-1dbb-43f5-8846-c980e05540c7
				LIBRARY: WGS:WUGSC:H_LS-A2-A25B-01A-11D-A167-09-lg1-lib3
					BAMS: 89eaae39-e648-4e4e-b170-717609baa18e_2893176079.cleaned.bam
					ANALYSIS_IDS: 6ae47254-296c-11e4-8a5b-bbb4d3b96dac

				LIBRARY: WGS:WUGSC:H_LS-A2-A25B-01A-11D-A167-09-lg1-lib1
					BAMS: 89eaae39-e648-4e4e-b170-717609baa18e_2893176049.cleaned.bam,89eaae39-e648-4e4e-b170-717609baa18e_2893175818.cleaned.bam
					ANALYSIS_IDS: 6ace087a-296c-11e4-8a5b-bbb4d3b96dac,6aba4538-296c-11e4-8a5b-bbb4d3b96dac

				LIBRARY: WGS:WUGSC:H_LS-A2-A25B-01A-11D-A167-09-lg1-lib2
					BAMS: 89eaae39-e648-4e4e-b170-717609baa18e_2893176105.cleaned.bam,89eaae39-e648-4e4e-b170-717609baa18e_2893175813.cleaned.bam
					ANALYSIS_IDS: 6aa78d8a-296c-11e4-8a5b-bbb4d3b96dac,6afab7f8-296c-11e4-8a5b-bbb4d3b96dac

	SAMPLE WORKLFOW ACTION OVERVIEW
		LANES SPECIFIED FOR SAMPLE: 5
		BAMS FOUND: 5
		ONLY UNALIGNED OR RUN FORCED!
		NOT PREVIOUSLY SCHEDULED OR RUN FORCED!
		LANE COUNT MATCHES OR IGNORED OR RUN FORCED: 1 5 5
		CONCLUSION: SCHEDULING WORKFLOW FOR THIS SAMPLE!

	NOT LAUNCHING WORKFLOW BECAUSE --test SPECIFIED: gtrepo-osdc-tcga/230480926705315/workflow.ini
		LAUNCH CMD WOULD HAVE BEEN: SEQWARE_SETTINGS=gtrepo-osdc-tcga/230480926705315/settings /usr/local/bin/seqware workflow schedule --accession 0 --host unknown --ini gtrepo-osdc-tcga/230480926705315/workflow.ini

	SAMPLE OVERVIEW
	SPECIMEN/SAMPLE: 8a33780a-f820-46a6-8830-e0d32581dbbc
		ALIGNMENT: unaligned
			ANALYZED SAMPLE/ALIQUOT: c16cf182-b4b2-42c0-a2b1-ce071638de2f
				LIBRARY: WGS:WUGSC:H_LS-A2-A25B-10A-01D-A167-09-lg1-lib1
					BAMS: 003a4eb9-c647-4a9f-aebb-b29dff6d5645_2893176053.cleaned.bam
					ANALYSIS_IDS: 6a9509da-296c-11e4-8a5b-bbb4d3b96dac

				LIBRARY: WGS:WUGSC:H_LS-A2-A25B-10A-01D-A167-09-lg1-lib2
					BAMS: 003a4eb9-c647-4a9f-aebb-b29dff6d5645_2893175812.cleaned.bam
					ANALYSIS_IDS: 6a6e9566-296c-11e4-8a5b-bbb4d3b96dac

				LIBRARY: WGS:WUGSC:H_LS-A2-A25B-10A-01D-A167-09-lg1-lib3
					BAMS: 003a4eb9-c647-4a9f-aebb-b29dff6d5645_2893176030.cleaned.bam
					ANALYSIS_IDS: 6a83472c-296c-11e4-8a5b-bbb4d3b96dac

	SAMPLE WORKLFOW ACTION OVERVIEW
		LANES SPECIFIED FOR SAMPLE: 3
		BAMS FOUND: 3
		ONLY UNALIGNED OR RUN FORCED!
		NOT PREVIOUSLY SCHEDULED OR RUN FORCED!
		LANE COUNT MATCHES OR IGNORED OR RUN FORCED: 1 3 3
		CONCLUSION: SCHEDULING WORKFLOW FOR THIS SAMPLE!

	NOT LAUNCHING WORKFLOW BECAUSE --test SPECIFIED: gtrepo-osdc-tcga/575641385032199/workflow.ini
		LAUNCH CMD WOULD HAVE BEEN: SEQWARE_SETTINGS=gtrepo-osdc-tcga/575641385032199/settings /usr/local/bin/seqware workflow schedule --accession 0 --host unknown --ini gtrepo-osdc-tcga/575641385032199/workflow.ini

DONOR/PARTICIPANT: 9f6be944-83de-42ab-8738-f0022f475e61

	SAMPLE OVERVIEW
	SPECIMEN/SAMPLE: 143fc27d-e119-48ff-a5ea-bd6aafc0404e
		ALIGNMENT: unaligned
			ANALYZED SAMPLE/ALIQUOT: 5dbf3203-ce73-41e4-bf9a-32fc856f73f5
				LIBRARY: WGS:WUGSC:H_LS-GI-A2C9-01A-11D-A21Q-09-lg1-lib1c
					BAMS: bf9e4936-6222-42eb-aecd-2f15c6811b1a_2893192442.cleaned.bam
					ANALYSIS_IDS: cb792cee-2968-11e4-ab77-9db2d3b96dac

				LIBRARY: WGS:WUGSC:H_LS-GI-A2C9-01A-11D-A21Q-09-lg1-lib1a
					BAMS: bf9e4936-6222-42eb-aecd-2f15c6811b1a_2893192493.cleaned.bam,bf9e4936-6222-42eb-aecd-2f15c6811b1a_2893192494.cleaned.bam
					ANALYSIS_IDS: cb90848e-2968-11e4-ab77-9db2d3b96dac,cbad6d6a-2968-11e4-ab77-9db2d3b96dac

				LIBRARY: WGS:WUGSC:H_LS-GI-A2C9-01A-11D-A21Q-09-lg1-lib1b
					BAMS: bf9e4936-6222-42eb-aecd-2f15c6811b1a_2893192441.cleaned.bam,bf9e4936-6222-42eb-aecd-2f15c6811b1a_2893192439.cleaned.bam
					ANALYSIS_IDS: cb64685e-2968-11e4-ab77-9db2d3b96dac,cb5099c8-2968-11e4-ab77-9db2d3b96dac

	SAMPLE WORKLFOW ACTION OVERVIEW
		LANES SPECIFIED FOR SAMPLE: 5
		BAMS FOUND: 5
		ONLY UNALIGNED OR RUN FORCED!
		NOT PREVIOUSLY SCHEDULED OR RUN FORCED!
		LANE COUNT MATCHES OR IGNORED OR RUN FORCED: 1 5 5
		CONCLUSION: SCHEDULING WORKFLOW FOR THIS SAMPLE!

	NOT LAUNCHING WORKFLOW BECAUSE --test SPECIFIED: gtrepo-osdc-tcga/235701807911337/workflow.ini
		LAUNCH CMD WOULD HAVE BEEN: SEQWARE_SETTINGS=gtrepo-osdc-tcga/235701807911337/settings /usr/local/bin/seqware workflow schedule --accession 0 --host unknown --ini gtrepo-osdc-tcga/235701807911337/workflow.ini

	SAMPLE OVERVIEW
	SPECIMEN/SAMPLE: 93b78420-ed0e-45d3-93f5-f60ce671a812
		ALIGNMENT: GRCh37
			ANALYZED SAMPLE/ALIQUOT: e0d54a00-8d0b-4a09-bf35-75183818d3ed
				LIBRARY: WGS:WUGSC:H_LS-GI-A2C9-11A-22D-A21Q-09-lg1-lib1a
					BAMS: 8f6a8ea8449fa0f8eb2ec6038e088d4d.bam.bai,a4105aad1441b415cc052d4d99ea1d6f.bam,8f6a8ea8449fa0f8eb2ec6038e088d4d.bam,a4105aad1441b415cc052d4d99ea1d6f.bam.bai
					ANALYSIS_IDS: ec70f798-d04c-4619-b6e5-b06b309b2b4f,fbba1b33-7a8f-4c66-95c8-0f7b2505bcfe

		ALIGNMENT: unaligned
			ANALYZED SAMPLE/ALIQUOT: e0d54a00-8d0b-4a09-bf35-75183818d3ed
				LIBRARY: WGS:WUGSC:H_LS-GI-A2C9-11A-22D-A21Q-09-lg1-lib1c
					BAMS: 8cfe9d6a-b412-47e8-8eee-e84b02f76c0a_2893192495.cleaned.bam
					ANALYSIS_IDS: cb3a0d2a-2968-11e4-ab77-9db2d3b96dac

				LIBRARY: WGS:WUGSC:H_LS-GI-A2C9-11A-22D-A21Q-09-lg1-lib1b
					BAMS: 8cfe9d6a-b412-47e8-8eee-e84b02f76c0a_2893192440.cleaned.bam
					ANALYSIS_IDS: cb0c9ef8-2968-11e4-ab77-9db2d3b96dac

				LIBRARY: WGS:WUGSC:H_LS-GI-A2C9-11A-22D-A21Q-09-lg1-lib1a
					BAMS: 8cfe9d6a-b412-47e8-8eee-e84b02f76c0a_2893192443.cleaned.bam
					ANALYSIS_IDS: cb2350f8-2968-11e4-ab77-9db2d3b96dac

	SAMPLE WORKLFOW ACTION OVERVIEW
		LANES SPECIFIED FOR SAMPLE: 3
		BAMS FOUND: 3
		CONTAINS ALIGNMENT!
		NOT PREVIOUSLY SCHEDULED OR RUN FORCED!
		LANE COUNT MATCHES OR IGNORED OR RUN FORCED: 1 3 3
		CONCLUSION: WILL NOT SCHEDULE THIS SAMPLE FOR ALIGNMENT!

DONOR/PARTICIPANT: f0787165-6f58-4d67-b510-928eea2c4882

	SAMPLE OVERVIEW
	SPECIMEN/SAMPLE: a0549df7-5945-4355-81f3-58b896ba5b93
		ALIGNMENT: GRCh37
			ANALYZED SAMPLE/ALIQUOT: 7826a2e6-30ae-460b-ab97-2986f1d76d4b
				LIBRARY: WGS:WUGSC:H_LS-E2-A109-10A-01D-A10M-09-lib2b
					BAMS: ac57809d580c33ccf05b94c9f5b3acf8.bam,e58e0bb228f2c08e0a1766015a33cb15.bam,ac57809d580c33ccf05b94c9f5b3acf8.bam.bai,e58e0bb228f2c08e0a1766015a33cb15.bam.bai
					ANALYSIS_IDS: 5d1ab03a-a062-4c2c-a3ab-74c50f417f87,1dce4ec4-692e-4880-9e33-16c4007ef82b

		ALIGNMENT: unaligned
			ANALYZED SAMPLE/ALIQUOT: 7826a2e6-30ae-460b-ab97-2986f1d76d4b
				LIBRARY: WGS:WUGSC:H_LS-E2-A109-10A-01D-A10M-09-lib2a
					BAMS: 5a44dfa6-58b1-40db-b37f-fa8f16c97c94_2893586465.cleaned.bam
					ANALYSIS_IDS: 1f691abe-2bfb-11e4-8505-23bfd3b96dac

				LIBRARY: WGS:WUGSC:H_LS-E2-A109-10A-01D-A10M-09-lib2c
					BAMS: 5a44dfa6-58b1-40db-b37f-fa8f16c97c94_2893586505.cleaned.bam
					ANALYSIS_IDS: 1f752ebc-2bfb-11e4-8505-23bfd3b96dac

				LIBRARY: WGS:WUGSC:H_LS-E2-A109-10A-01D-A10M-09-lib2b
					BAMS: 5a44dfa6-58b1-40db-b37f-fa8f16c97c94_2893586524.cleaned.bam
					ANALYSIS_IDS: 1f824534-2bfb-11e4-8505-23bfd3b96dac

	SAMPLE WORKLFOW ACTION OVERVIEW
		LANES SPECIFIED FOR SAMPLE: 3
		BAMS FOUND: 3
		CONTAINS ALIGNMENT!
		NOT PREVIOUSLY SCHEDULED OR RUN FORCED!
		LANE COUNT MATCHES OR IGNORED OR RUN FORCED: 1 3 3
		CONCLUSION: WILL NOT SCHEDULE THIS SAMPLE FOR ALIGNMENT!

	SAMPLE OVERVIEW
	SPECIMEN/SAMPLE: 710eae35-a21d-4939-8414-d2af4ea02fdd
		ALIGNMENT: unaligned
			ANALYZED SAMPLE/ALIQUOT: 3585e133-b3c1-4d90-b5f2-2b867e0ae0ec
				LIBRARY: WGS:WUGSC:H_LS-E2-A109-01A-11D-A10M-09-lib2b
					BAMS: 43fabc8a-85f6-424b-95ae-a622ef6c1c15_2893586479.cleaned.bam,43fabc8a-85f6-424b-95ae-a622ef6c1c15_2893586484.cleaned.bam
					ANALYSIS_IDS: 1f5bcaf8-2bfb-11e4-8505-23bfd3b96dac,1f281ad2-2bfb-11e4-8505-23bfd3b96dac

				LIBRARY: WGS:WUGSC:H_LS-E2-A109-01A-11D-A10M-09-lib2c
					BAMS: 43fabc8a-85f6-424b-95ae-a622ef6c1c15_2893586481.cleaned.bam
					ANALYSIS_IDS: 1f49eb94-2bfb-11e4-8505-23bfd3b96dac

				LIBRARY: WGS:WUGSC:H_LS-E2-A109-01A-11D-A10M-09-lib2a
					BAMS: 43fabc8a-85f6-424b-95ae-a622ef6c1c15_2893586480.cleaned.bam,43fabc8a-85f6-424b-95ae-a622ef6c1c15_2893586478.cleaned.bam
					ANALYSIS_IDS: 1f39a568-2bfb-11e4-8505-23bfd3b96dac,1f16a586-2bfb-11e4-8505-23bfd3b96dac

	SAMPLE WORKLFOW ACTION OVERVIEW
		LANES SPECIFIED FOR SAMPLE: 5
		BAMS FOUND: 5
		ONLY UNALIGNED OR RUN FORCED!
		NOT PREVIOUSLY SCHEDULED OR RUN FORCED!
		LANE COUNT MATCHES OR IGNORED OR RUN FORCED: 1 5 5
		CONCLUSION: SCHEDULING WORKFLOW FOR THIS SAMPLE!

	NOT LAUNCHING WORKFLOW BECAUSE --test SPECIFIED: gtrepo-osdc-tcga/547544291749624/workflow.ini
		LAUNCH CMD WOULD HAVE BEEN: SEQWARE_SETTINGS=gtrepo-osdc-tcga/547544291749624/settings /usr/local/bin/seqware workflow schedule --accession 0 --host unknown --ini gtrepo-osdc-tcga/547544291749624/workflow.ini

DONOR/PARTICIPANT: f45210d3-9e66-4f5e-bef1-5ee5547cc893

	SAMPLE OVERVIEW
	SPECIMEN/SAMPLE: fb635f1d-5ee1-4e58-86ea-b1aada2de4ba
		ALIGNMENT: unaligned
			ANALYZED SAMPLE/ALIQUOT: 1c0e384f-7254-4afe-93c0-b3fc6c6a7894
				LIBRARY: WGS:WUGSC:H_LS-EW-A1PC-01B-11D-A21Q-09-lg1-lib1e
					BAMS: 58ce7cc4-e64c-43f5-b4f9-c12677f4f106_2893601831.cleaned.bam,58ce7cc4-e64c-43f5-b4f9-c12677f4f106_2893601817.cleaned.bam
					ANALYSIS_IDS: 27c5f038-2bfb-11e4-85bf-50bfd3b96dac,27d5df66-2bfb-11e4-85bf-50bfd3b96dac

				LIBRARY: WGS:WUGSC:H_LS-EW-A1PC-01B-11D-A21Q-09-lg1-lib1d
					BAMS: 58ce7cc4-e64c-43f5-b4f9-c12677f4f106_2893601850.cleaned.bam,58ce7cc4-e64c-43f5-b4f9-c12677f4f106_2893601746.cleaned.bam
					ANALYSIS_IDS: 27a514b2-2bfb-11e4-85bf-50bfd3b96dac,27e5d376-2bfb-11e4-85bf-50bfd3b96dac

				LIBRARY: WGS:WUGSC:H_LS-EW-A1PC-01B-11D-A21Q-09-lg1-lib1f
					BAMS: 58ce7cc4-e64c-43f5-b4f9-c12677f4f106_2893601755.cleaned.bam
					ANALYSIS_IDS: 27b60830-2bfb-11e4-85bf-50bfd3b96dac

	SAMPLE WORKLFOW ACTION OVERVIEW
		LANES SPECIFIED FOR SAMPLE: 5
		BAMS FOUND: 5
		ONLY UNALIGNED OR RUN FORCED!
		NOT PREVIOUSLY SCHEDULED OR RUN FORCED!
		LANE COUNT MATCHES OR IGNORED OR RUN FORCED: 1 5 5
		CONCLUSION: SCHEDULING WORKFLOW FOR THIS SAMPLE!

	NOT LAUNCHING WORKFLOW BECAUSE --test SPECIFIED: gtrepo-osdc-tcga/768580537047828/workflow.ini
		LAUNCH CMD WOULD HAVE BEEN: SEQWARE_SETTINGS=gtrepo-osdc-tcga/768580537047828/settings /usr/local/bin/seqware workflow schedule --accession 0 --host unknown --ini gtrepo-osdc-tcga/768580537047828/workflow.ini

	SAMPLE OVERVIEW
	SPECIMEN/SAMPLE: eded4cb4-f527-4ff6-a97d-2ec424b37abe
		ALIGNMENT: unaligned
			ANALYZED SAMPLE/ALIQUOT: 58ddddd4-cb14-4081-ac9f-c291dcddc24d
				LIBRARY: WGS:WUGSC:H_LS-EW-A1PC-10A-01D-A21Q-09-lg1-lib1f
					BAMS: c35f6994-5e39-4905-bba2-d00d89ad0d0c_2893601847.cleaned.bam
					ANALYSIS_IDS: 2805ecec-2bfb-11e4-85bf-50bfd3b96dac

				LIBRARY: WGS:WUGSC:H_LS-EW-A1PC-10A-01D-A21Q-09-lg1-lib1d
					BAMS: c35f6994-5e39-4905-bba2-d00d89ad0d0c_2893601848.cleaned.bam
					ANALYSIS_IDS: 2816eeac-2bfb-11e4-85bf-50bfd3b96dac

				LIBRARY: WGS:WUGSC:H_LS-EW-A1PC-10A-01D-A21Q-09-lg1-lib1e
					BAMS: c35f6994-5e39-4905-bba2-d00d89ad0d0c_2893601774.cleaned.bam
					ANALYSIS_IDS: 27f5fa58-2bfb-11e4-85bf-50bfd3b96dac

		ALIGNMENT: GRCh37
			ANALYZED SAMPLE/ALIQUOT: 58ddddd4-cb14-4081-ac9f-c291dcddc24d
				LIBRARY: WGS:WUGSC:H_LS-EW-A1PC-10A-01D-A21Q-09-lg1-lib1e
					BAMS: e8fefc35dd2df9f77129d89532ec9c4a.bam.bai,15accffbb0d1e366193945e43a02d893.bam,15accffbb0d1e366193945e43a02d893.bam.bai,e8fefc35dd2df9f77129d89532ec9c4a.bam
					ANALYSIS_IDS: 579ab722-6dae-4563-9d86-3b4cb70472a2,477381ca-e195-4240-b25c-f1e14624b818

	SAMPLE WORKLFOW ACTION OVERVIEW
		LANES SPECIFIED FOR SAMPLE: 3
		BAMS FOUND: 3
		CONTAINS ALIGNMENT!
		NOT PREVIOUSLY SCHEDULED OR RUN FORCED!
		LANE COUNT MATCHES OR IGNORED OR RUN FORCED: 1 3 3
		CONCLUSION: WILL NOT SCHEDULE THIS SAMPLE FOR ALIGNMENT!

DONOR/PARTICIPANT: c184c3ca-7ad3-4202-b108-cb9fd5f5d947

	SAMPLE OVERVIEW
	SPECIMEN/SAMPLE: 90f74516-fb74-4d3f-9d73-5d2bee2ed381
		ALIGNMENT: unaligned
			ANALYZED SAMPLE/ALIQUOT: 5fd77ba9-5015-4d8b-86a0-582e5c76bdd6
				LIBRARY: WGS:BI:Sage-127177
					BAMS: b090883d-0e39-4edc-aa74-7285366c304b_C19WT.8.cleaned.bam
					ANALYSIS_IDS: 15e784da-296c-11e4-9005-4ab4d3b96dac

				LIBRARY: WGS:BI:Sage-127229
					BAMS: b090883d-0e39-4edc-aa74-7285366c304b_D1ETE.1.cleaned.bam,b090883d-0e39-4edc-aa74-7285366c304b_D1ETE.2.cleaned.bam
					ANALYSIS_IDS: 15fd2f4c-296c-11e4-9005-4ab4d3b96dac,162902ca-296c-11e4-9005-4ab4d3b96dac

	SAMPLE WORKLFOW ACTION OVERVIEW
		LANES SPECIFIED FOR SAMPLE: 3
		BAMS FOUND: 3
		ONLY UNALIGNED OR RUN FORCED!
		NOT PREVIOUSLY SCHEDULED OR RUN FORCED!
		LANE COUNT MATCHES OR IGNORED OR RUN FORCED: 1 3 3
		CONCLUSION: SCHEDULING WORKFLOW FOR THIS SAMPLE!

	NOT LAUNCHING WORKFLOW BECAUSE --test SPECIFIED: gtrepo-osdc-tcga/13725374202545/workflow.ini
		LAUNCH CMD WOULD HAVE BEEN: SEQWARE_SETTINGS=gtrepo-osdc-tcga/13725374202545/settings /usr/local/bin/seqware workflow schedule --accession 0 --host unknown --ini gtrepo-osdc-tcga/13725374202545/workflow.ini

	SAMPLE OVERVIEW
	SPECIMEN/SAMPLE: 1aa635e0-959f-49dd-b8d1-eb294648830e
		ALIGNMENT: unaligned
			ANALYZED SAMPLE/ALIQUOT: 54c65bdd-ac2e-466a-80cb-6f534095f56b
				LIBRARY: WGS:BI:Sage-127254
					BAMS: b6367552-5dbd-474a-a1dc-47d01a96876c_D1ENR.8.cleaned.bam,b6367552-5dbd-474a-a1dc-47d01a96876c_D1ENR.7.cleaned.bam
					ANALYSIS_IDS: 1673989e-296c-11e4-9005-4ab4d3b96dac,16516a3a-296c-11e4-9005-4ab4d3b96dac

				LIBRARY: WGS:BI:Sage-127202
					BAMS: b6367552-5dbd-474a-a1dc-47d01a96876c_C1A1M.2.cleaned.bam
					ANALYSIS_IDS: 163f8496-296c-11e4-9005-4ab4d3b96dac

	SAMPLE WORKLFOW ACTION OVERVIEW
		LANES SPECIFIED FOR SAMPLE: 3
		BAMS FOUND: 3
		ONLY UNALIGNED OR RUN FORCED!
		NOT PREVIOUSLY SCHEDULED OR RUN FORCED!
		LANE COUNT MATCHES OR IGNORED OR RUN FORCED: 1 3 3
		CONCLUSION: SCHEDULING WORKFLOW FOR THIS SAMPLE!

	NOT LAUNCHING WORKFLOW BECAUSE --test SPECIFIED: gtrepo-osdc-tcga/420433398585185/workflow.ini
		LAUNCH CMD WOULD HAVE BEEN: SEQWARE_SETTINGS=gtrepo-osdc-tcga/420433398585185/settings /usr/local/bin/seqware workflow schedule --accession 0 --host unknown --ini gtrepo-osdc-tcga/420433398585185/workflow.ini

DONOR/PARTICIPANT: 90a8d2cb-1f31-45f9-8575-eed3cb9a7798

	SAMPLE OVERVIEW
	SPECIMEN/SAMPLE: 82ff7caa-bc9b-408e-9106-d76bcec69665
		ALIGNMENT: GRCh37
			ANALYZED SAMPLE/ALIQUOT: ac85e832-92b2-45a2-8a0b-3fc4a9e83661
				LIBRARY: WGS:BI:Sage-113784
					BAMS: 1a939a4ade2afcb7f51945c222a0c6f3.bam,8d4e8dc484e9292fdecaf0b505405d39.bam,8d4e8dc484e9292fdecaf0b505405d39.bam.bai,1a939a4ade2afcb7f51945c222a0c6f3.bam.bai
					ANALYSIS_IDS: ebad48a4-a89c-45ca-bf14-c58bf20347f6,04b25dcf-cf5d-4d90-bdcc-987ded839f99

		ALIGNMENT: unaligned
			ANALYZED SAMPLE/ALIQUOT: ac85e832-92b2-45a2-8a0b-3fc4a9e83661
				LIBRARY: WGS:BI:Sage-113826
					BAMS: 0b22fc10-30dc-47ba-8ccf-25b0cfe443cb_C0V63.5.cleaned.bam,0b22fc10-30dc-47ba-8ccf-25b0cfe443cb_C0V63.3.cleaned.bam
					ANALYSIS_IDS: 718ee348-2bf9-11e4-b2f7-48bdd3b96dac,7181acf0-2bf9-11e4-b2f7-48bdd3b96dac

				LIBRARY: WGS:BI:Sage-113784
					BAMS: 0b22fc10-30dc-47ba-8ccf-25b0cfe443cb_C0V4C.6.cleaned.bam
					ANALYSIS_IDS: 717648a6-2bf9-11e4-b2f7-48bdd3b96dac

	SAMPLE WORKLFOW ACTION OVERVIEW
		LANES SPECIFIED FOR SAMPLE: 3
		BAMS FOUND: 3
		CONTAINS ALIGNMENT!
		NOT PREVIOUSLY SCHEDULED OR RUN FORCED!
		LANE COUNT MATCHES OR IGNORED OR RUN FORCED: 1 3 3
		CONCLUSION: WILL NOT SCHEDULE THIS SAMPLE FOR ALIGNMENT!

	SAMPLE OVERVIEW
	SPECIMEN/SAMPLE: 08c3093d-4100-4bfc-92fc-a11f1393868f
		ALIGNMENT: unaligned
			ANALYZED SAMPLE/ALIQUOT: feccc27e-5c2e-4339-8746-0945fee93c1e
				LIBRARY: WGS:BI:Solexa-116781
					BAMS: db1c7fe4-8a15-4671-ae20-987d5aa593d8_D144C.8.cleaned.bam,db1c7fe4-8a15-4671-ae20-987d5aa593d8_D144C.4.cleaned.bam
					ANALYSIS_IDS: 71a4f3ae-2bf9-11e4-b2f7-48bdd3b96dac,71b1110c-2bf9-11e4-b2f7-48bdd3b96dac

				LIBRARY: WGS:BI:Sage-113788
					BAMS: db1c7fe4-8a15-4671-ae20-987d5aa593d8_D13LH.8.cleaned.bam
					ANALYSIS_IDS: 7199e84c-2bf9-11e4-b2f7-48bdd3b96dac

		ALIGNMENT: GRCh37
			ANALYZED SAMPLE/ALIQUOT: feccc27e-5c2e-4339-8746-0945fee93c1e
				LIBRARY: WGS:BI:Sage-113788
					BAMS: 2b10cd6d6b8fee016229f45707cdd348.bam,7d5edb343843854bad6e7095f7c3c313.bam,2b10cd6d6b8fee016229f45707cdd348.bam.bai,7d5edb343843854bad6e7095f7c3c313.bam.bai
					ANALYSIS_IDS: 3c8f57b0-f9d6-459b-86ac-d56b1e6751bd,bdc5f66c-6a38-4d3e-a484-a5425a702d32

	SAMPLE WORKLFOW ACTION OVERVIEW
		LANES SPECIFIED FOR SAMPLE: 3
		BAMS FOUND: 3
		CONTAINS ALIGNMENT!
		NOT PREVIOUSLY SCHEDULED OR RUN FORCED!
		LANE COUNT MATCHES OR IGNORED OR RUN FORCED: 1 3 3
		CONCLUSION: WILL NOT SCHEDULE THIS SAMPLE FOR ALIGNMENT!

DONOR/PARTICIPANT: ef4cbd38-bc79-4d60-a715-647edd2ebe9e

	SAMPLE OVERVIEW
	SPECIMEN/SAMPLE: b462982a-4dd0-425e-bce3-0eb8f5527264
		ALIGNMENT: unaligned
			ANALYZED SAMPLE/ALIQUOT: 7cdbe0e8-f614-4f54-b864-fd6b39e8ef1c
				LIBRARY: WGS:WUGSC:H_LS-E2-A1LG-01A-21D-A14K-09-lg1-lib1a
					BAMS: 86778b7c-298d-491b-9296-34ad2973f53d_2893204372.cleaned.bam,86778b7c-298d-491b-9296-34ad2973f53d_2893204346.cleaned.bam
					ANALYSIS_IDS: 1731a9ce-2bfb-11e4-aa5f-04bfd3b96dac,170fea5a-2bfb-11e4-aa5f-04bfd3b96dac

				LIBRARY: WGS:WUGSC:H_LS-E2-A1LG-01A-21D-A14K-09-lg1-lib1c
					BAMS: 86778b7c-298d-491b-9296-34ad2973f53d_2893204350.cleaned.bam
					ANALYSIS_IDS: 171b9706-2bfb-11e4-aa5f-04bfd3b96dac

				LIBRARY: WGS:WUGSC:H_LS-E2-A1LG-01A-21D-A14K-09-lg1-lib1b
					BAMS: 86778b7c-298d-491b-9296-34ad2973f53d_2893204442.cleaned.bam,86778b7c-298d-491b-9296-34ad2973f53d_2893204354.cleaned.bam
					ANALYSIS_IDS: 1726cc0c-2bfb-11e4-aa5f-04bfd3b96dac,173e9ab2-2bfb-11e4-aa5f-04bfd3b96dac

		ALIGNMENT: GRCh37
			ANALYZED SAMPLE/ALIQUOT: 7cdbe0e8-f614-4f54-b864-fd6b39e8ef1c
				LIBRARY: WGS:WUGSC:H_LS-E2-A1LG-01A-21D-A14K-09-lg1-lib1a
					BAMS: 36daa0e6fea146b8998fe15a45ccdbda.bam,135a521df84477db8320a7730f026f50.bam.bai,36daa0e6fea146b8998fe15a45ccdbda.bam.bai,135a521df84477db8320a7730f026f50.bam
					ANALYSIS_IDS: 4d725270-52a1-4382-b4c3-4bd58f58b3c6,edb43970-1116-4875-908f-3c52d98e5412

	SAMPLE WORKLFOW ACTION OVERVIEW
		LANES SPECIFIED FOR SAMPLE: 5
		BAMS FOUND: 5
		CONTAINS ALIGNMENT!
		NOT PREVIOUSLY SCHEDULED OR RUN FORCED!
		LANE COUNT MATCHES OR IGNORED OR RUN FORCED: 1 5 5
		CONCLUSION: WILL NOT SCHEDULE THIS SAMPLE FOR ALIGNMENT!

	SAMPLE OVERVIEW
	SPECIMEN/SAMPLE: 54e5a437-3bc0-4d22-880c-926582b86bcb
		ALIGNMENT: GRCh37
			ANALYZED SAMPLE/ALIQUOT: 583d989c-fa07-46f5-b463-6ce5a2744927
				LIBRARY: WGS:WUGSC:H_LS-E2-A1LG-11A-42D-A14K-09-lg1-lib1c
					BAMS: bb4f61ae78ffd39651d0e85915740cda.bam,bb4f61ae78ffd39651d0e85915740cda.bam.bai,d381703417acdf1657c89ae22f26a205.bam,d381703417acdf1657c89ae22f26a205.bam.bai
					ANALYSIS_IDS: 8395bb49-902b-4b0c-a8bd-900f2d447427,3872052c-c656-4ff6-8bd3-0c5d4fe10ff5

		ALIGNMENT: unaligned
			ANALYZED SAMPLE/ALIQUOT: 583d989c-fa07-46f5-b463-6ce5a2744927
				LIBRARY: WGS:WUGSC:H_LS-E2-A1LG-11A-42D-A14K-09-lg1-lib1c
					BAMS: 26a0f7a0-4361-4886-9260-0d142b76129e_2893208987.cleaned.bam
					ANALYSIS_IDS: 1760b976-2bfb-11e4-aa5f-04bfd3b96dac

				LIBRARY: WGS:WUGSC:H_LS-E2-A1LG-11A-42D-A14K-09-lg1-lib1b
					BAMS: 26a0f7a0-4361-4886-9260-0d142b76129e_2893204393.cleaned.bam
					ANALYSIS_IDS: 1755dc54-2bfb-11e4-aa5f-04bfd3b96dac

				LIBRARY: WGS:WUGSC:H_LS-E2-A1LG-11A-42D-A14K-09-lg1-lib1a
					BAMS: 26a0f7a0-4361-4886-9260-0d142b76129e_2893204345.cleaned.bam
					ANALYSIS_IDS: 174a2d1e-2bfb-11e4-aa5f-04bfd3b96dac

	SAMPLE WORKLFOW ACTION OVERVIEW
		LANES SPECIFIED FOR SAMPLE: 3
		BAMS FOUND: 3
		CONTAINS ALIGNMENT!
		NOT PREVIOUSLY SCHEDULED OR RUN FORCED!
		LANE COUNT MATCHES OR IGNORED OR RUN FORCED: 1 3 3
		CONCLUSION: WILL NOT SCHEDULE THIS SAMPLE FOR ALIGNMENT!

DONOR/PARTICIPANT: bd75d8ee-916b-4abc-bf33-bce6a4217076

	SAMPLE OVERVIEW
	SPECIMEN/SAMPLE: f87efb5e-24f5-4d2b-b6b3-987bbda30e03
		ALIGNMENT: GRCh37
			ANALYZED SAMPLE/ALIQUOT: b537bc07-9998-49f4-bbbe-5b617152bfd9
				LIBRARY: WGS:BI:Solexa-162239
					BAMS: 3a5350b765dbdd99a8af3a59976081aa.bam.bai,c5d6398c006b01421c031c87e0a180a1.bam.bai,c5d6398c006b01421c031c87e0a180a1.bam,3a5350b765dbdd99a8af3a59976081aa.bam
					ANALYSIS_IDS: c0f33408-5259-4cab-adcd-f336f57d5f58,75b3ca85-936e-4294-baff-52d36657961a

		ALIGNMENT: unaligned
			ANALYZED SAMPLE/ALIQUOT: b537bc07-9998-49f4-bbbe-5b617152bfd9
				LIBRARY: WGS:BI:Solexa-162247
					BAMS: 974c74c9-3f98-4186-b940-f685da21fe10_H0R9W.1.cleaned.bam,974c74c9-3f98-4186-b940-f685da21fe10_H0R9W.2.cleaned.bam
					ANALYSIS_IDS: 0472570c-296c-11e4-acd9-22b4d3b96dac,045d3aac-296c-11e4-acd9-22b4d3b96dac

				LIBRARY: WGS:BI:Solexa-162239
					BAMS: 974c74c9-3f98-4186-b940-f685da21fe10_H0R9F.1.cleaned.bam,974c74c9-3f98-4186-b940-f685da21fe10_H0T1Y.1.cleaned.bam,974c74c9-3f98-4186-b940-f685da21fe10_H0R9F.2.cleaned.bam
					ANALYSIS_IDS: 044b5e7c-296c-11e4-acd9-22b4d3b96dac,04835f5c-296c-11e4-acd9-22b4d3b96dac,04385732-296c-11e4-acd9-22b4d3b96dac

	SAMPLE WORKLFOW ACTION OVERVIEW
		LANES SPECIFIED FOR SAMPLE: 5
		BAMS FOUND: 5
		CONTAINS ALIGNMENT!
		NOT PREVIOUSLY SCHEDULED OR RUN FORCED!
		LANE COUNT MATCHES OR IGNORED OR RUN FORCED: 1 5 5
		CONCLUSION: WILL NOT SCHEDULE THIS SAMPLE FOR ALIGNMENT!

	SAMPLE OVERVIEW
	SPECIMEN/SAMPLE: eff60f0d-e3c1-4a93-9026-c0764c70ba9f
		ALIGNMENT: unaligned
			ANALYZED SAMPLE/ALIQUOT: f518ad7c-0500-48c4-81d5-8a424b91bd35
				LIBRARY: WGS:BI:Solexa-165085
					BAMS: 971b9bd9-fd3f-4c12-a330-939b86b6b16b_H0PF7.2.cleaned.bam,971b9bd9-fd3f-4c12-a330-939b86b6b16b_H0PF7.1.cleaned.bam
					ANALYSIS_IDS: 04c2e140-296c-11e4-acd9-22b4d3b96dac,04af2c36-296c-11e4-acd9-22b4d3b96dac

				LIBRARY: WGS:BI:Solexa-165078
					BAMS: 971b9bd9-fd3f-4c12-a330-939b86b6b16b_H0PEC.1.cleaned.bam,971b9bd9-fd3f-4c12-a330-939b86b6b16b_H0PH5.1.cleaned.bam,971b9bd9-fd3f-4c12-a330-939b86b6b16b_H11GH.2.cleaned.bam,971b9bd9-fd3f-4c12-a330-939b86b6b16b_H0PH5.2.cleaned.bam
					ANALYSIS_IDS: 0508b4d6-296c-11e4-acd9-22b4d3b96dac,04f2fe02-296c-11e4-acd9-22b4d3b96dac,049a4c26-296c-11e4-acd9-22b4d3b96dac,04d77ff6-296c-11e4-acd9-22b4d3b96dac

		ALIGNMENT: GRCh37
			ANALYZED SAMPLE/ALIQUOT: f518ad7c-0500-48c4-81d5-8a424b91bd35
				LIBRARY: WGS:BI:Solexa-165078
					BAMS: 276784e30d71d37fdec3c5e4a0eb5eea.bam,33d943a4aa06fe23d3fba6f4ecbb4713.bam.bai,33d943a4aa06fe23d3fba6f4ecbb4713.bam,276784e30d71d37fdec3c5e4a0eb5eea.bam.bai
					ANALYSIS_IDS: 331eac73-8af7-4dff-8ba1-225c1e98e817,7137f239-7fce-4ca9-83cc-95a2818ca7bb

	SAMPLE WORKLFOW ACTION OVERVIEW
		LANES SPECIFIED FOR SAMPLE: 6
		BAMS FOUND: 6
		CONTAINS ALIGNMENT!
		NOT PREVIOUSLY SCHEDULED OR RUN FORCED!
		LANE COUNT MATCHES OR IGNORED OR RUN FORCED: 1 6 6
		CONCLUSION: WILL NOT SCHEDULE THIS SAMPLE FOR ALIGNMENT!

