SAMPLE SCHEDULING INFORMATION

DONOR/PARTICIPANT: SNU_WGS_01

	SAMPLE OVERVIEW
	SPECIMEN/SAMPLE: SNU_WGS_01_G0_sp
		ALIGNMENT: unaligned
			ANALYZED SAMPLE/ALIQUOT: SNU_WGS_01_G0
				LIBRARY: WGS:SYNTEKA:2
					BAMS: SNU_WGS_01_G0_C278CACXX_lane4.bam,SNU_WGS_01_G0_C27D0ACXX_lane1.bam,SNU_WGS_01_G0_C278CACXX_lane5.bam,SNU_WGS_01_G0_C28DRACXX_lane1.bam
					ANALYSIS_IDS: 57d410f0-d0ef-11e3-8718-27bfceb50ecb,57d28d98-d0ef-11e3-8718-27bfceb50ecb,57d120b6-d0ef-11e3-8718-27bfceb50ecb,57d3cb68-d0ef-11e3-8718-27bfceb50ecb

		ALIGNMENT: GRCh37
			ANALYZED SAMPLE/ALIQUOT: SNU_WGS_01_G0
				LIBRARY: WGS:SYNTEKA:2
					BAMS: 2f8c5ed3ba58e13e869a8f9c0cad70da.bam
					ANALYSIS_IDS: 6706481c-ed1f-4895-8b4a-5a208f2a2311

	SAMPLE WORKLFOW ACTION OVERVIEW
		LANES SPECIFIED FOR SAMPLE: 4
		BAMS FOUND: 4
		CONTAINS ALIGNMENT!
		NOT PREVIOUSLY SCHEDULED OR RUN FORCED!
		LANE COUNT MATCHES OR IGNORED OR RUN FORCED: 1 4 4
		CONCLUSION: WILL NOT SCHEDULE THIS SAMPLE FOR ALIGNMENT!

	SAMPLE OVERVIEW
	SPECIMEN/SAMPLE: SNU_WGS_01_S1_sp
		ALIGNMENT: GRCh37
			ANALYZED SAMPLE/ALIQUOT: SNU_WGS_01_S1
				LIBRARY: WGS:SYNTEKA:4
					BAMS: a74f611e76ab7cd36464496efdc15d1f.bam
					ANALYSIS_IDS: e15568f0-f62f-11e3-99ef-c859d23311c0

		ALIGNMENT: unaligned
			ANALYZED SAMPLE/ALIQUOT: SNU_WGS_01_S1
				LIBRARY: WGS:SYNTEKA:4
					BAMS: SNU_WGS_01_S1_C27D0ACXX_lane2.bam,SNU_WGS_01_S1_C278CACXX_lane5.bam,SNU_WGS_01_S1_C28DRACXX_lane2.bam,SNU_WGS_01_S1_C278CACXX_lane4.bam
					ANALYSIS_IDS: 57d05a64-d0ef-11e3-8718-27bfceb50ecb,57d09dd0-d0ef-11e3-8718-27bfceb50ecb,57d0e1c8-d0ef-11e3-8718-27bfceb50ecb,57d00c26-d0ef-11e3-8718-27bfceb50ecb

	SAMPLE WORKLFOW ACTION OVERVIEW
		LANES SPECIFIED FOR SAMPLE: 4
		BAMS FOUND: 4
		CONTAINS ALIGNMENT!
		NOT PREVIOUSLY SCHEDULED OR RUN FORCED!
		LANE COUNT MATCHES OR IGNORED OR RUN FORCED: 1 4 4
		CONCLUSION: WILL NOT SCHEDULE THIS SAMPLE FOR ALIGNMENT!

DONOR/PARTICIPANT: SNU_WGS_08

	SAMPLE OVERVIEW
	SPECIMEN/SAMPLE: SNU_WGS_08_S1_sp
		ALIGNMENT: unaligned
			ANALYZED SAMPLE/ALIQUOT: SNU_WGS_08_S1
				LIBRARY: WGS:SYNTEKA:3
					BAMS: SNU_WGS_08_S1_C2DDWACXX_lane5.bam,SNU_WGS_08_S1_D2F0UACXX_lane5.bam
					ANALYSIS_IDS: b999a0ca-d103-11e3-8132-e5e80b2311c9,b996b57c-d103-11e3-8132-e5e80b2311c9

		ALIGNMENT: GRCh37
			ANALYZED SAMPLE/ALIQUOT: SNU_WGS_08_S1
				LIBRARY: WGS:SYNTEKA:3
					BAMS: ba2f55ac1ddab46b3d96665ccfc5227a.bam
					ANALYSIS_IDS: 64e7cf4e-f1eb-11e3-b439-c25647bb1ed0

	SAMPLE WORKLFOW ACTION OVERVIEW
		LANES SPECIFIED FOR SAMPLE: 2
		BAMS FOUND: 2
		CONTAINS ALIGNMENT!
		NOT PREVIOUSLY SCHEDULED OR RUN FORCED!
		LANE COUNT MATCHES OR IGNORED OR RUN FORCED: 1 2 2
		CONCLUSION: WILL NOT SCHEDULE THIS SAMPLE FOR ALIGNMENT!

	SAMPLE OVERVIEW
	SPECIMEN/SAMPLE: SNU_WGS_08_G0_sp
		ALIGNMENT: unaligned
			ANALYZED SAMPLE/ALIQUOT: SNU_WGS_08_G0
				LIBRARY: WGS:SYNTEKA:1
					BAMS: SNU_WGS_08_G0_C2DDWACXX_lane4.bam,SNU_WGS_08_G0_D2F0UACXX_lane4.bam
					ANALYSIS_IDS: b99a2b1c-d103-11e3-8132-e5e80b2311c9,b999e54e-d103-11e3-8132-e5e80b2311c9

		ALIGNMENT: GRCh37
			ANALYZED SAMPLE/ALIQUOT: SNU_WGS_08_G0
				LIBRARY: WGS:SYNTEKA:1
					BAMS: 25ca3f75985933f81f43d03cf01563ef.bam
					ANALYSIS_IDS: 4b14e082-f1fc-11e3-a12b-e8d5754d8d55

	SAMPLE WORKLFOW ACTION OVERVIEW
		LANES SPECIFIED FOR SAMPLE: 2
		BAMS FOUND: 2
		CONTAINS ALIGNMENT!
		NOT PREVIOUSLY SCHEDULED OR RUN FORCED!
		LANE COUNT MATCHES OR IGNORED OR RUN FORCED: 1 2 2
		CONCLUSION: WILL NOT SCHEDULE THIS SAMPLE FOR ALIGNMENT!

DONOR/PARTICIPANT: SNU_WGS_10

	SAMPLE OVERVIEW
	SPECIMEN/SAMPLE: SNU_WGS_10_G0_sp
		ALIGNMENT: unaligned
			ANALYZED SAMPLE/ALIQUOT: SNU_WGS_10_G0
				LIBRARY: WGS:SYNTEKA:8
					BAMS: SNU_WGS_10_G0_C39F4ACXX_lane7.bam,SNU_WGS_10_G0_C37NJACXX_lane2.bam,SNU_WGS_10_G0_C374WACXX_lane8.bam
					ANALYSIS_IDS: 6c1c653e-d104-11e3-9009-d181bd81cb79,6c1ca396-d104-11e3-9009-d181bd81cb79,6c1ce112-d104-11e3-9009-d181bd81cb79

		ALIGNMENT: GRCh37
			ANALYZED SAMPLE/ALIQUOT: SNU_WGS_10_G0
				LIBRARY: WGS:SYNTEKA:8
					BAMS: af57b1a358b88256d18709620effdbdb.bam
					ANALYSIS_IDS: 54824dd8-f073-11e3-b9cc-945d434b24ad

	SAMPLE WORKLFOW ACTION OVERVIEW
		LANES SPECIFIED FOR SAMPLE: 3
		BAMS FOUND: 3
		CONTAINS ALIGNMENT!
		NOT PREVIOUSLY SCHEDULED OR RUN FORCED!
		LANE COUNT MATCHES OR IGNORED OR RUN FORCED: 1 3 3
		CONCLUSION: WILL NOT SCHEDULE THIS SAMPLE FOR ALIGNMENT!

	SAMPLE OVERVIEW
	SPECIMEN/SAMPLE: SNU_WGS_10_S1_sp
		ALIGNMENT: unaligned
			ANALYZED SAMPLE/ALIQUOT: SNU_WGS_10_S1
				LIBRARY: WGS:SYNTEKA:9
					BAMS: SNU_WGS_10_S1_C37NJACXX_lane1.bam,SNU_WGS_10_S1_C39F4ACXX_lane8.bam,SNU_WGS_10_S1_C37H9ACXX_lane7.bam
					ANALYSIS_IDS: 6c1be730-d104-11e3-9009-d181bd81cb79,6c185ebc-d104-11e3-9009-d181bd81cb79,6c1c24f2-d104-11e3-9009-d181bd81cb79

		ALIGNMENT: GRCh37
			ANALYZED SAMPLE/ALIQUOT: SNU_WGS_10_S1
				LIBRARY: WGS:SYNTEKA:9
					BAMS: 37ef3cf211645c54c773d75602ca5ae1.bam
					ANALYSIS_IDS: ad4a6e8a-f089-11e3-810a-f9769520a1a8

	SAMPLE WORKLFOW ACTION OVERVIEW
		LANES SPECIFIED FOR SAMPLE: 3
		BAMS FOUND: 3
		CONTAINS ALIGNMENT!
		NOT PREVIOUSLY SCHEDULED OR RUN FORCED!
		LANE COUNT MATCHES OR IGNORED OR RUN FORCED: 1 3 3
		CONCLUSION: WILL NOT SCHEDULE THIS SAMPLE FOR ALIGNMENT!

DONOR/PARTICIPANT: SNU_WGS_02

	SAMPLE OVERVIEW
	SPECIMEN/SAMPLE: SNU_WGS_02_G0_sp
		ALIGNMENT: unaligned
			ANALYZED SAMPLE/ALIQUOT: SNU_WGS_02_G0
				LIBRARY: WGS:SYNTEKA:5
					BAMS: SNU_WGS_02_G0_C27D0ACXX_lane3.bam,SNU_WGS_02_G0_C278CACXX_lane5.bam,SNU_WGS_02_G0_C28DRACXX_lane3.bam,SNU_WGS_02_G0_C278CACXX_lane4.bam
					ANALYSIS_IDS: 5ddd560a-d0ef-11e3-aa0d-28bfceb50ecb,5ddcff20-d0ef-11e3-aa0d-28bfceb50ecb,5ddd8170-d0ef-11e3-aa0d-28bfceb50ecb,5ddd2d42-d0ef-11e3-aa0d-28bfceb50ecb

		ALIGNMENT: GRCh37
			ANALYZED SAMPLE/ALIQUOT: SNU_WGS_02_G0
				LIBRARY: WGS:SYNTEKA:5
					BAMS: fee891977436f91dfbb0c3f38ff4bea6.bam,f853b0f0c5eec85cf972b19863b57aa6.bam,6d30b4f5b468abe16423f75b4fa85dfe.bam,f853b0f0c5eec85cf972b19863b57aa6.bam.bai,fee891977436f91dfbb0c3f38ff4bea6.bam.bai,634377ca4ffeb7d5ccb618252ced18a2.bam
					ANALYSIS_IDS: 72c2d88c-e946-449b-9b58-7eb5214faecb,8242460f-8b01-4635-b1bb-49bdb6ef580d,928e4ade-7ef5-497e-b80e-a2f113fa12c8,ff7f4b3b-2039-4f0c-bbf7-df1904be2f55,75d1eb9e-885a-45b9-a182-40575ac23a38,c41e0aa0-5a03-437a-9303-14abe9350d4e

	SAMPLE WORKLFOW ACTION OVERVIEW
		LANES SPECIFIED FOR SAMPLE: 4
		BAMS FOUND: 4
		CONTAINS ALIGNMENT!
		NOT PREVIOUSLY SCHEDULED OR RUN FORCED!
		LANE COUNT MATCHES OR IGNORED OR RUN FORCED: 1 4 4
		CONCLUSION: WILL NOT SCHEDULE THIS SAMPLE FOR ALIGNMENT!

	SAMPLE OVERVIEW
	SPECIMEN/SAMPLE: SNU_WGS_02_S1_sp
		ALIGNMENT: unaligned
			ANALYZED SAMPLE/ALIQUOT: SNU_WGS_02_S1
				LIBRARY: WGS:SYNTEKA:6
					BAMS: SNU_WGS_02_S1_C28DRACXX_lane4.bam,SNU_WGS_02_S1_C278CACXX_lane4.bam,SNU_WGS_02_S1_D2ENAACXX_lane3.bam,SNU_WGS_02_S1_C278CACXX_lane5.bam,SNU_WGS_02_S1_C27D0ACXX_lane4.bam
					ANALYSIS_IDS: 5ddc5200-d0ef-11e3-aa0d-28bfceb50ecb,5ddc127c-d0ef-11e3-aa0d-28bfceb50ecb,5ddcd63a-d0ef-11e3-aa0d-28bfceb50ecb,5ddcaaa2-d0ef-11e3-aa0d-28bfceb50ecb,5ddc7c3a-d0ef-11e3-aa0d-28bfceb50ecb

		ALIGNMENT: GRCh37
			ANALYZED SAMPLE/ALIQUOT: SNU_WGS_02_S1
				LIBRARY: WGS:SYNTEKA:6
					BAMS: ab8b3ba2ae0f826937439038b9f1f26c.bam
					ANALYSIS_IDS: 705c5954-f613-11e3-a3e2-3b7847bb1ed0

	SAMPLE WORKLFOW ACTION OVERVIEW
		LANES SPECIFIED FOR SAMPLE: 5
		BAMS FOUND: 5
		CONTAINS ALIGNMENT!
		NOT PREVIOUSLY SCHEDULED OR RUN FORCED!
		LANE COUNT MATCHES OR IGNORED OR RUN FORCED: 1 5 5
		CONCLUSION: WILL NOT SCHEDULE THIS SAMPLE FOR ALIGNMENT!

DONOR/PARTICIPANT: G1551

	SAMPLE OVERVIEW
	SPECIMEN/SAMPLE: HCC1143_BL
		ALIGNMENT: unaligned
			ANALYZED SAMPLE/ALIQUOT: HCC1143_BL
				LIBRARY: WGS:BI:Solexa-76163
					BAMS: D0EN0.4.bam.bai,C09DF.1.bam.bai,D0EN0.8.bam,D0EN0.7.bam,C09DF.1.bam,D0EN0.8.bam.bai,D0EN0.4.bam,D0EN0.7.bam.bai,C09DF.2.bam,C09DF.2.bam.bai
					ANALYSIS_IDS: ef4da0de-055d-11e4-b040-49ff095f4e2f,ef4f477c-055d-11e4-b040-49ff095f4e2f,ef4d0412-055d-11e4-b040-49ff095f4e2f,ef4eb8a2-055d-11e4-b040-49ff095f4e2f,ef4e3396-055d-11e4-b040-49ff095f4e2f

	SAMPLE WORKLFOW ACTION OVERVIEW
		LANES SPECIFIED FOR SAMPLE: 5
		BAMS FOUND: 10
		ONLY UNALIGNED OR RUN FORCED!
		NOT PREVIOUSLY SCHEDULED OR RUN FORCED!
		LANE COUNT MATCHES OR IGNORED OR RUN FORCED: 1 5 10
		CONCLUSION: SCHEDULING WORKFLOW FOR THIS SAMPLE!

	NOT LAUNCHING WORKFLOW BECAUSE --test SPECIFIED: gtrepo-etri/919834042041661/workflow.ini
		LAUNCH CMD WOULD HAVE BEEN: SEQWARE_SETTINGS=gtrepo-etri/919834042041661/settings /usr/local/bin/seqware workflow schedule --accession 0 --host unknown --ini gtrepo-etri/919834042041661/workflow.ini

	SAMPLE OVERVIEW
	SPECIMEN/SAMPLE: HCC1143
		ALIGNMENT: unaligned
			ANALYZED SAMPLE/ALIQUOT: HCC1143
				LIBRARY: WGS:BI:Sage-75643
					BAMS: D0ENM.6.bam,D0ENM.2.bam,D0ENM.6.bam.bai,D0ENM.7.bam,D0ENM.2.bam.bai,D0ENM.7.bam.bai,D0ENM.5.bam,D0ENM.1.bam,D0ENM.1.bam.bai,D0ENM.3.bam,D0ENM.3.bam.bai,D0ENM.5.bam.bai
					ANALYSIS_IDS: ef4c9982-055d-11e4-b040-49ff095f4e2f,ef4c107a-055d-11e4-b040-49ff095f4e2f,ef4b94b0-055d-11e4-b040-49ff095f4e2f,ef4a4556-055d-11e4-b040-49ff095f4e2f,ef4adc6e-055d-11e4-b040-49ff095f4e2f,ef486ba0-055d-11e4-b040-49ff095f4e2f

	SAMPLE WORKLFOW ACTION OVERVIEW
		LANES SPECIFIED FOR SAMPLE: 6
		BAMS FOUND: 12
		ONLY UNALIGNED OR RUN FORCED!
		NOT PREVIOUSLY SCHEDULED OR RUN FORCED!
		LANE COUNT MATCHES OR IGNORED OR RUN FORCED: 1 6 12
		CONCLUSION: SCHEDULING WORKFLOW FOR THIS SAMPLE!

	NOT LAUNCHING WORKFLOW BECAUSE --test SPECIFIED: gtrepo-etri/666211492705287/workflow.ini
		LAUNCH CMD WOULD HAVE BEEN: SEQWARE_SETTINGS=gtrepo-etri/666211492705287/settings /usr/local/bin/seqware workflow schedule --accession 0 --host unknown --ini gtrepo-etri/666211492705287/workflow.ini

DONOR/PARTICIPANT: SNU_WGS_11

	SAMPLE OVERVIEW
	SPECIMEN/SAMPLE: SNU_WGS_11_S1_sp
		ALIGNMENT: GRCh37
			ANALYZED SAMPLE/ALIQUOT: SNU_WGS_11_S1
				LIBRARY: WGS:SYNTEKA:9
					BAMS: d9ef6cd868ce9b5fa0eabbf25570dc19.bam
					ANALYSIS_IDS: 3ff3b138-5e15-4e71-a1b9-1b862ea2e31e

		ALIGNMENT: unaligned
			ANALYZED SAMPLE/ALIQUOT: SNU_WGS_11_S1
				LIBRARY: WGS:SYNTEKA:9
					BAMS: SNU_WGS_11_S1_C3DR4ACXX_lane7.bam,SNU_WGS_11_S1_C42R5ACXX_lane7.bam,SNU_WGS_11_S1_C3UDPACXX_lane1.bam
					ANALYSIS_IDS: ee0fc824-d104-11e3-9755-db6ee0627105,ee105d16-d104-11e3-9755-db6ee0627105,ee101266-d104-11e3-9755-db6ee0627105

	SAMPLE WORKLFOW ACTION OVERVIEW
		LANES SPECIFIED FOR SAMPLE: 3
		BAMS FOUND: 3
		CONTAINS ALIGNMENT!
		NOT PREVIOUSLY SCHEDULED OR RUN FORCED!
		LANE COUNT MATCHES OR IGNORED OR RUN FORCED: 1 3 3
		CONCLUSION: WILL NOT SCHEDULE THIS SAMPLE FOR ALIGNMENT!

	SAMPLE OVERVIEW
	SPECIMEN/SAMPLE: SNU_WGS_11_G0_sp
		ALIGNMENT: unaligned
			ANALYZED SAMPLE/ALIQUOT: SNU_WGS_11_G0
				LIBRARY: WGS:SYNTEKA:10
					BAMS: SNU_WGS_11_G0_C42R5ACXX_lane8.bam,SNU_WGS_11_G0_C3UDPACXX_lane1.bam,SNU_WGS_11_G0_C3DR4ACXX_lane8.bam
					ANALYSIS_IDS: ee0f7bf8-d104-11e3-9755-db6ee0627105,ee0f2f36-d104-11e3-9755-db6ee0627105,ee0dc466-d104-11e3-9755-db6ee0627105

		ALIGNMENT: GRCh37
			ANALYZED SAMPLE/ALIQUOT: SNU_WGS_11_G0
				LIBRARY: WGS:SYNTEKA:10
					BAMS: cc684e139462f0daca52191ea30a4bf0.bam
					ANALYSIS_IDS: cf382f06-ea48-11e3-867c-f1f1d4d61261

	SAMPLE WORKLFOW ACTION OVERVIEW
		LANES SPECIFIED FOR SAMPLE: 3
		BAMS FOUND: 3
		CONTAINS ALIGNMENT!
		NOT PREVIOUSLY SCHEDULED OR RUN FORCED!
		LANE COUNT MATCHES OR IGNORED OR RUN FORCED: 1 3 3
		CONCLUSION: WILL NOT SCHEDULE THIS SAMPLE FOR ALIGNMENT!

DONOR/PARTICIPANT: SNU_WGS_12

	SAMPLE OVERVIEW
	SPECIMEN/SAMPLE: SNU_WGS_12_S1_sp
		ALIGNMENT: GRCh37
			ANALYZED SAMPLE/ALIQUOT: SNU_WGS_12_S1
				LIBRARY: WGS:SYNTEKA:2
					BAMS: cba0b116e1d6a79b0733210d8054774b.bam
					ANALYSIS_IDS: 6dbe8d8a-ea69-11e3-be1e-89a0b2692171

		ALIGNMENT: unaligned
			ANALYZED SAMPLE/ALIQUOT: SNU_WGS_12_S1
				LIBRARY: WGS:SYNTEKA:2
					BAMS: SNU_WGS_12_S1_C3F0LACXX_lane1.bam,SNU_WGS_12_S1_C3FJFACXX_lane2.bam,SNU_WGS_12_S1_C3D15ACXX_lane8.bam,SNU_WGS_12_S1_C3FJFACXX_lane8.bam
					ANALYSIS_IDS: b82c5c40-d104-11e3-a712-50f59da530fa,b828a1cc-d104-11e3-a712-50f59da530fa,b82a8e42-d104-11e3-a712-50f59da530fa,b82d0e88-d104-11e3-a712-50f59da530fa

	SAMPLE WORKLFOW ACTION OVERVIEW
		LANES SPECIFIED FOR SAMPLE: 4
		BAMS FOUND: 4
		CONTAINS ALIGNMENT!
		NOT PREVIOUSLY SCHEDULED OR RUN FORCED!
		LANE COUNT MATCHES OR IGNORED OR RUN FORCED: 1 4 4
		CONCLUSION: WILL NOT SCHEDULE THIS SAMPLE FOR ALIGNMENT!

	SAMPLE OVERVIEW
	SPECIMEN/SAMPLE: SNU_WGS_12_G0_sp
		ALIGNMENT: unaligned
			ANALYZED SAMPLE/ALIQUOT: SNU_WGS_12_G0
				LIBRARY: WGS:SYNTEKA:6
					BAMS: SNU_WGS_12_G0_C3VLPACXX_lane8.bam,SNU_WGS_12_G0_C41WHACXX_lane8.bam
					ANALYSIS_IDS: b82d55b4-d104-11e3-a712-50f59da530fa,b82ee4ec-d104-11e3-a712-50f59da530fa

		ALIGNMENT: GRCh37
			ANALYZED SAMPLE/ALIQUOT: SNU_WGS_12_G0
				LIBRARY: WGS:SYNTEKA:6
					BAMS: 9f0977a7abefe01b07a6733978e58549.bam
					ANALYSIS_IDS: c8fb87ac-8fb7-4f97-b655-43505f508757

	SAMPLE WORKLFOW ACTION OVERVIEW
		LANES SPECIFIED FOR SAMPLE: 2
		BAMS FOUND: 2
		CONTAINS ALIGNMENT!
		NOT PREVIOUSLY SCHEDULED OR RUN FORCED!
		LANE COUNT MATCHES OR IGNORED OR RUN FORCED: 1 2 2
		CONCLUSION: WILL NOT SCHEDULE THIS SAMPLE FOR ALIGNMENT!

DONOR/PARTICIPANT: SNU_WGS_09

	SAMPLE OVERVIEW
	SPECIMEN/SAMPLE: SNU_WGS_09_S1_sp
		ALIGNMENT: unaligned
			ANALYZED SAMPLE/ALIQUOT: SNU_WGS_09_S1
				LIBRARY: WGS:SYNTEKA:3
					BAMS: SNU_WGS_09_S1_C374WACXX_lane7.bam,SNU_WGS_09_S1_C35APACXX_lane8.bam,SNU_WGS_09_S1_C37NJACXX_lane2.bam
					ANALYSIS_IDS: b6be23ee-d103-11e3-829f-48bd3b7fe85d,b6bf228a-d103-11e3-829f-48bd3b7fe85d,b6bee072-d103-11e3-829f-48bd3b7fe85d

		ALIGNMENT: GRCh37
			ANALYZED SAMPLE/ALIQUOT: SNU_WGS_09_S1
				LIBRARY: WGS:SYNTEKA:3
					BAMS: 350805f8e28b6707ece33a97cd33606c.bam
					ANALYSIS_IDS: b7872592-76e9-4ae6-854f-e1afc06d56f6

	SAMPLE WORKLFOW ACTION OVERVIEW
		LANES SPECIFIED FOR SAMPLE: 3
		BAMS FOUND: 3
		CONTAINS ALIGNMENT!
		NOT PREVIOUSLY SCHEDULED OR RUN FORCED!
		LANE COUNT MATCHES OR IGNORED OR RUN FORCED: 1 3 3
		CONCLUSION: WILL NOT SCHEDULE THIS SAMPLE FOR ALIGNMENT!

	SAMPLE OVERVIEW
	SPECIMEN/SAMPLE: SNU_WGS_09_G0_sp
		ALIGNMENT: GRCh37
			ANALYZED SAMPLE/ALIQUOT: SNU_WGS_09_G0
				LIBRARY: WGS:SYNTEKA:1
					BAMS: 9872e5a7a7e619b3494359186570cdec.bam
					ANALYSIS_IDS: 9f6ee8b0-f0a5-11e3-8fa6-c8cd8a6acc65

		ALIGNMENT: unaligned
			ANALYZED SAMPLE/ALIQUOT: SNU_WGS_09_G0
				LIBRARY: WGS:SYNTEKA:1
					BAMS: SNU_WGS_09_G0_C37NJACXX_lane2.bam,SNU_WGS_09_G0_C35APACXX_lane7.bam,SNU_WGS_09_G0_C374WACXX_lane6.bam
					ANALYSIS_IDS: b6bde7ee-d103-11e3-829f-48bd3b7fe85d,b6bda2f2-d103-11e3-829f-48bd3b7fe85d,b6b8d4ac-d103-11e3-829f-48bd3b7fe85d

	SAMPLE WORKLFOW ACTION OVERVIEW
		LANES SPECIFIED FOR SAMPLE: 3
		BAMS FOUND: 3
		CONTAINS ALIGNMENT!
		NOT PREVIOUSLY SCHEDULED OR RUN FORCED!
		LANE COUNT MATCHES OR IGNORED OR RUN FORCED: 1 3 3
		CONCLUSION: WILL NOT SCHEDULE THIS SAMPLE FOR ALIGNMENT!

DONOR/PARTICIPANT: G15512

	SAMPLE OVERVIEW
	SPECIMEN/SAMPLE: HCC1954
		ALIGNMENT: unaligned
			ANALYZED SAMPLE/ALIQUOT: HCC1954
				LIBRARY: WGS:BI:Solexa-76164
					BAMS: C09DF.8.bam,C09DF.7.bam.bai,C09DF.7.bam,C09DF.3.bam.bai,C09DF.5.bam.bai,C09DF.5.bam,C09DF.3.bam,C09DF.6.bam,C09DF.8.bam.bai,C09DF.6.bam.bai
					ANALYSIS_IDS: 97320c5a-0387-11e4-9986-6bef095f4e2f,9733aace-0387-11e4-9986-6bef095f4e2f,973322d4-0387-11e4-9986-6bef095f4e2f,9734b252-0387-11e4-9986-6bef095f4e2f,97342f30-0387-11e4-9986-6bef095f4e2f

	SAMPLE WORKLFOW ACTION OVERVIEW
		LANES SPECIFIED FOR SAMPLE: 5
		BAMS FOUND: 10
		ONLY UNALIGNED OR RUN FORCED!
		NOT PREVIOUSLY SCHEDULED OR RUN FORCED!
		LANE COUNT MATCHES OR IGNORED OR RUN FORCED: 1 5 10
		CONCLUSION: SCHEDULING WORKFLOW FOR THIS SAMPLE!

	NOT LAUNCHING WORKFLOW BECAUSE --test SPECIFIED: gtrepo-etri/964955598387075/workflow.ini
		LAUNCH CMD WOULD HAVE BEEN: SEQWARE_SETTINGS=gtrepo-etri/964955598387075/settings /usr/local/bin/seqware workflow schedule --accession 0 --host unknown --ini gtrepo-etri/964955598387075/workflow.ini

	SAMPLE OVERVIEW
	SPECIMEN/SAMPLE: HCC1954_BL
		ALIGNMENT: GRCh37
			ANALYZED SAMPLE/ALIQUOT: HCC1954_BL
				LIBRARY: WGS:BI:Solexa-76159
					BAMS: a1830267d3436974f5743fa18432e57d.bam.bai,a1830267d3436974f5743fa18432e57d.bam
					ANALYSIS_IDS: 140db262-e22b-4418-9e08-6e1019790e44

		ALIGNMENT: unaligned
			ANALYZED SAMPLE/ALIQUOT: HCC1954_BL
				LIBRARY: WGS:BI:Solexa-76159
					BAMS: C097F.1.bam.bai,C097F.1.bam,C09DF.4.bam.bai,C097F.2.bam,C097F.2.bam.bai,C09DF.4.bam
					ANALYSIS_IDS: 9724b9a6-0387-11e4-9986-6bef095f4e2f,972f67ac-0387-11e4-9986-6bef095f4e2f,972ffece-0387-11e4-9986-6bef095f4e2f

				LIBRARY: WGS:BI:Sage-75641
					BAMS: D0F23.1.bam.bai,D0F23.2.bam.bai,D0F23.2.bam,D0F23.1.bam,D0F23.3.bam,D0F23.3.bam.bai
					ANALYSIS_IDS: 973082ea-0387-11e4-9986-6bef095f4e2f,97310a8a-0387-11e4-9986-6bef095f4e2f,9731a580-0387-11e4-9986-6bef095f4e2f

	SAMPLE WORKLFOW ACTION OVERVIEW
		LANES SPECIFIED FOR SAMPLE: 6
		BAMS FOUND: 12
		CONTAINS ALIGNMENT!
		NOT PREVIOUSLY SCHEDULED OR RUN FORCED!
		LANE COUNT MATCHES OR IGNORED OR RUN FORCED: 1 6 12
		CONCLUSION: WILL NOT SCHEDULE THIS SAMPLE FOR ALIGNMENT!

DONOR/PARTICIPANT: SNU_WGS_04

	SAMPLE OVERVIEW
	SPECIMEN/SAMPLE: SNU_WGS_04_G0_sp
		ALIGNMENT: GRCh37
			ANALYZED SAMPLE/ALIQUOT: SNU_WGS_04_G0
				LIBRARY: WGS:SYNTEKA:15
					BAMS: 2c20f360d8eb50000bfda4fe35a18dd2.bam
					ANALYSIS_IDS: e2913412-e101-41e8-94f7-97a9abeabbeb

		ALIGNMENT: unaligned
			ANALYZED SAMPLE/ALIQUOT: SNU_WGS_04_G0
				LIBRARY: WGS:SYNTEKA:15
					BAMS: SNU_WGS_04_G0_D28KNACXX_lane7.bam,SNU_WGS_04_G0_D28KNACXX_lane2.bam,SNU_WGS_04_G0_D2A22ACXX_lane8.bam
					ANALYSIS_IDS: 39b93c5e-d0f8-11e3-9034-3f6c66781382,39b982ae-d0f8-11e3-9034-3f6c66781382,39b9c642-d0f8-11e3-9034-3f6c66781382

	SAMPLE WORKLFOW ACTION OVERVIEW
		LANES SPECIFIED FOR SAMPLE: 3
		BAMS FOUND: 3
		CONTAINS ALIGNMENT!
		NOT PREVIOUSLY SCHEDULED OR RUN FORCED!
		LANE COUNT MATCHES OR IGNORED OR RUN FORCED: 1 3 3
		CONCLUSION: WILL NOT SCHEDULE THIS SAMPLE FOR ALIGNMENT!

	SAMPLE OVERVIEW
	SPECIMEN/SAMPLE: SNU_WGS_04_S1_sp
		ALIGNMENT: unaligned
			ANALYZED SAMPLE/ALIQUOT: SNU_WGS_04_S1
				LIBRARY: WGS:SYNTEKA:16
					BAMS: SNU_WGS_04_S1_C27D3ACXX_lane7.bam,SNU_WGS_04_S1_D28JRACXX_lane7.bam,SNU_WGS_04_S1_D28KNACXX_lane2.bam
					ANALYSIS_IDS: 39b8613a-d0f8-11e3-9034-3f6c66781382,39b8aeec-d0f8-11e3-9034-3f6c66781382,39b8f79e-d0f8-11e3-9034-3f6c66781382

		ALIGNMENT: GRCh37
			ANALYZED SAMPLE/ALIQUOT: SNU_WGS_04_S1
				LIBRARY: WGS:SYNTEKA:16
					BAMS: ea8ec58f7dba4494363a486577d12f67.bam
					ANALYSIS_IDS: 26ce221a-f3d2-11e3-b3be-3047d23311c0

	SAMPLE WORKLFOW ACTION OVERVIEW
		LANES SPECIFIED FOR SAMPLE: 3
		BAMS FOUND: 3
		CONTAINS ALIGNMENT!
		NOT PREVIOUSLY SCHEDULED OR RUN FORCED!
		LANE COUNT MATCHES OR IGNORED OR RUN FORCED: 1 3 3
		CONCLUSION: WILL NOT SCHEDULE THIS SAMPLE FOR ALIGNMENT!

DONOR/PARTICIPANT: SNU_WGS_05

	SAMPLE OVERVIEW
	SPECIMEN/SAMPLE: SNU_WGS_05_G0_sp
		ALIGNMENT: unaligned
			ANALYZED SAMPLE/ALIQUOT: SNU_WGS_05_G0
				LIBRARY: WGS:SYNTEKA:14
					BAMS: SNU_WGS_05_G0_C27D0ACXX_lane8.bam,SNU_WGS_05_G0_C28DRACXX_lane8.bam
					ANALYSIS_IDS: aad4d84e-d102-11e3-96e0-d8d143e0611e,aad4f464-d102-11e3-810c-a94c0885f6a0

		ALIGNMENT: GRCh37
			ANALYZED SAMPLE/ALIQUOT: SNU_WGS_05_G0
				LIBRARY: WGS:SYNTEKA:14
					BAMS: 907a1d1f2417557c44d8af0b7b86ab56.bam
					ANALYSIS_IDS: ac8d03ba-f37f-11e3-abf1-2cf2754d8d55

	SAMPLE WORKLFOW ACTION OVERVIEW
		LANES SPECIFIED FOR SAMPLE: 2
		BAMS FOUND: 2
		CONTAINS ALIGNMENT!
		NOT PREVIOUSLY SCHEDULED OR RUN FORCED!
		LANE COUNT MATCHES OR IGNORED OR RUN FORCED: 1 2 2
		CONCLUSION: WILL NOT SCHEDULE THIS SAMPLE FOR ALIGNMENT!

	SAMPLE OVERVIEW
	SPECIMEN/SAMPLE: SNU_WGS_05_S1_sp
		ALIGNMENT: unaligned
			ANALYZED SAMPLE/ALIQUOT: SNU_WGS_05_S1
				LIBRARY: WGS:SYNTEKA:13
					BAMS: SNU_WGS_05_S1_C27D0ACXX_lane7.bam,SNU_WGS_05_S1_C28DRACXX_lane7.bam
					ANALYSIS_IDS: aad49c26-d102-11e3-918d-ddd73233fcbd,aad4bc10-d102-11e3-8977-f6a5d586905e

		ALIGNMENT: GRCh37
			ANALYZED SAMPLE/ALIQUOT: SNU_WGS_05_S1
				LIBRARY: WGS:SYNTEKA:13
					BAMS: 670acc4336cc74e0cf8d20f24bd8de9c.bam
					ANALYSIS_IDS: 28f63c7c-f377-11e3-bc7f-289547bb1ed0

	SAMPLE WORKLFOW ACTION OVERVIEW
		LANES SPECIFIED FOR SAMPLE: 2
		BAMS FOUND: 2
		CONTAINS ALIGNMENT!
		NOT PREVIOUSLY SCHEDULED OR RUN FORCED!
		LANE COUNT MATCHES OR IGNORED OR RUN FORCED: 1 2 2
		CONCLUSION: WILL NOT SCHEDULE THIS SAMPLE FOR ALIGNMENT!

DONOR/PARTICIPANT: SNU_WGS_06

	SAMPLE OVERVIEW
	SPECIMEN/SAMPLE: SNU_WGS_06_S1_sp
		ALIGNMENT: GRCh37
			ANALYZED SAMPLE/ALIQUOT: SNU_WGS_06_S1
				LIBRARY: WGS:SYNTEKA:5
					BAMS: e4b7d139ab59ccd256051ed20ce7139a.bam
					ANALYSIS_IDS: c7c5cf56-f229-11e3-b7dd-9b0ad23311c0

		ALIGNMENT: unaligned
			ANALYZED SAMPLE/ALIQUOT: SNU_WGS_06_S1
				LIBRARY: WGS:SYNTEKA:5
					BAMS: SNU_WGS_06_S1_C2F41ACXX_lane3.bam,SNU_WGS_06_S1_C2MP5ACXX_lane8.bam,SNU_WGS_06_S1_D2ENAACXX_lane7.bam
					ANALYSIS_IDS: 2fda96b4-d103-11e3-88ec-7e521009ea71,2fda72c4-d103-11e3-88ec-7e521009ea71,2fda43e4-d103-11e3-88ec-7e521009ea71

	SAMPLE WORKLFOW ACTION OVERVIEW
		LANES SPECIFIED FOR SAMPLE: 3
		BAMS FOUND: 3
		CONTAINS ALIGNMENT!
		NOT PREVIOUSLY SCHEDULED OR RUN FORCED!
		LANE COUNT MATCHES OR IGNORED OR RUN FORCED: 1 3 3
		CONCLUSION: WILL NOT SCHEDULE THIS SAMPLE FOR ALIGNMENT!

	SAMPLE OVERVIEW
	SPECIMEN/SAMPLE: SNU_WGS_06_G0_sp
		ALIGNMENT: unaligned
			ANALYZED SAMPLE/ALIQUOT: SNU_WGS_06_G0
				LIBRARY: WGS:SYNTEKA:4
					BAMS: SNU_WGS_06_G0_C2DDWACXX_lane1.bam,SNU_WGS_06_G0_D2F0UACXX_lane1.bam
					ANALYSIS_IDS: 2fdadf70-d103-11e3-88ec-7e521009ea71,2fdabc66-d103-11e3-88ec-7e521009ea71

		ALIGNMENT: GRCh37
			ANALYZED SAMPLE/ALIQUOT: SNU_WGS_06_G0
				LIBRARY: WGS:SYNTEKA:4
					BAMS: 04beacd1b347e10df47ef046955049f5.bam
					ANALYSIS_IDS: efec4597-c958-4e1e-aecb-76f0f739b41a

	SAMPLE WORKLFOW ACTION OVERVIEW
		LANES SPECIFIED FOR SAMPLE: 2
		BAMS FOUND: 2
		CONTAINS ALIGNMENT!
		NOT PREVIOUSLY SCHEDULED OR RUN FORCED!
		LANE COUNT MATCHES OR IGNORED OR RUN FORCED: 1 2 2
		CONCLUSION: WILL NOT SCHEDULE THIS SAMPLE FOR ALIGNMENT!

